The system is: Linux - 4.20.69-ish - i686
Compiling the C compiler identification source file "CMakeCCompilerId.c" succeeded.
Compiler: /usr/bin/cc 
Build flags: 
Id flags:  

The output was:
0


Compilation of the C compiler identification source "CMakeCCompilerId.c" produced "a.out"

The C compiler identification is GNU, found in "/root/coding/CMakeFiles/3.20.6/CompilerIdC/a.out"

Compiling the CXX compiler identification source file "CMakeCXXCompilerId.cpp" succeeded.
Compiler: /usr/bin/c++ 
Build flags: 
Id flags:  

The output was:
0


Compilation of the CXX compiler identification source "CMakeCXXCompilerId.cpp" produced "a.out"

The CXX compiler identification is GNU, found in "/root/coding/CMakeFiles/3.20.6/CompilerIdCXX/a.out"

Detecting C compiler ABI info compiled with the following output:
Change Dir: /root/coding/CMakeFiles/CMakeTmp

Run Build Command(s):/usr/bin/make -f Makefile cmTC_2fbd7/fast && /usr/bin/make  -f CMakeFiles/cmTC_2fbd7.dir/build.make CMakeFiles/cmTC_2fbd7.dir/build
make[1]: Entering directory '/root/coding/CMakeFiles/CMakeTmp'
Building C object CMakeFiles/cmTC_2fbd7.dir/CMakeCCompilerABI.c.o
/usr/bin/cc   -v -o CMakeFiles/cmTC_2fbd7.dir/CMakeCCompilerABI.c.o -c /usr/share/cmake/Modules/CMakeCCompilerABI.c
Using built-in specs.
COLLECT_GCC=/usr/bin/cc
Target: i586-alpine-linux-musl
Configured with: /home/buildozer/aports/main/gcc/src/gcc-10.3.1_git20210424/configure --prefix=/usr --mandir=/usr/share/man --infodir=/usr/share/info --build=i586-alpine-linux-musl --host=i586-alpine-linux-musl --target=i586-alpine-linux-musl --with-pkgversion='Alpine 10.3.1_git20210424' --enable-checking=release --disable-fixed-point --disable-libstdcxx-pch --disable-multilib --disable-nls --disable-werror --disable-symvers --enable-__cxa_atexit --enable-default-pie --enable-default-ssp --enable-cloog-backend --enable-languages=c,c++,d,objc,go,fortran,ada --with-arch=i586 --with-tune=generic --enable-cld --disable-libssp --disable-libmpx --disable-libmudflap --disable-libsanitizer --enable-shared --enable-threads --enable-tls --with-system-zlib --with-linker-hash-style=gnu
Thread model: posix
Supported LTO compression algorithms: zlib
gcc version 10.3.1 20210424 (Alpine 10.3.1_git20210424) 
COLLECT_GCC_OPTIONS='-v' '-o' 'CMakeFiles/cmTC_2fbd7.dir/CMakeCCompilerABI.c.o' '-c' '-mtune=generic' '-march=i586'
 /usr/libexec/gcc/i586-alpine-linux-musl/10.3.1/cc1 -quiet -v /usr/share/cmake/Modules/CMakeCCompilerABI.c -quiet -dumpbase CMakeCCompilerABI.c -mtune=generic -march=i586 -auxbase-strip CMakeFiles/cmTC_2fbd7.dir/CMakeCCompilerABI.c.o -version -o /tmp/ccpBiaHD.s
GNU C17 (Alpine 10.3.1_git20210424) version 10.3.1 20210424 (i586-alpine-linux-musl)
	compiled by GNU C version 10.3.1 20210424, GMP version 6.2.1, MPFR version 4.1.0, MPC version 1.2.1, isl version isl-0.22-GMP

GGC heuristics: --param ggc-min-expand=30 --param ggc-min-heapsize=4096
ignoring nonexistent directory "/usr/local/include"
ignoring nonexistent directory "/usr/lib/gcc/i586-alpine-linux-musl/10.3.1/../../../../i586-alpine-linux-musl/include"
ignoring nonexistent directory "/usr/include/fortify"
#include "..." search starts here:
#include <...> search starts here:
 /usr/include
 /usr/lib/gcc/i586-alpine-linux-musl/10.3.1/include
End of search list.
GNU C17 (Alpine 10.3.1_git20210424) version 10.3.1 20210424 (i586-alpine-linux-musl)
	compiled by GNU C version 10.3.1 20210424, GMP version 6.2.1, MPFR version 4.1.0, MPC version 1.2.1, isl version isl-0.22-GMP

GGC heuristics: --param ggc-min-expand=30 --param ggc-min-heapsize=4096
Compiler executable checksum: 432dc4fae8896abc54c38a5cb9f973d2
COLLECT_GCC_OPTIONS='-v' '-o' 'CMakeFiles/cmTC_2fbd7.dir/CMakeCCompilerABI.c.o' '-c' '-mtune=generic' '-march=i586'
 /usr/lib/gcc/i586-alpine-linux-musl/10.3.1/../../../../i586-alpine-linux-musl/bin/as -v --32 -o CMakeFiles/cmTC_2fbd7.dir/CMakeCCompilerABI.c.o /tmp/ccpBiaHD.s
GNU assembler version 2.35.2 (i586-alpine-linux-musl) using BFD version (GNU Binutils) 2.35.2
COMPILER_PATH=/usr/libexec/gcc/i586-alpine-linux-musl/10.3.1/:/usr/libexec/gcc/i586-alpine-linux-musl/10.3.1/:/usr/libexec/gcc/i586-alpine-linux-musl/:/usr/lib/gcc/i586-alpine-linux-musl/10.3.1/:/usr/lib/gcc/i586-alpine-linux-musl/:/usr/lib/gcc/i586-alpine-linux-musl/10.3.1/../../../../i586-alpine-linux-musl/bin/
LIBRARY_PATH=/usr/lib/gcc/i586-alpine-linux-musl/10.3.1/:/usr/lib/gcc/i586-alpine-linux-musl/10.3.1/../../../../i586-alpine-linux-musl/lib/:/usr/lib/gcc/i586-alpine-linux-musl/10.3.1/../../../:/lib/:/usr/lib/
COLLECT_GCC_OPTIONS='-v' '-o' 'CMakeFiles/cmTC_2fbd7.dir/CMakeCCompilerABI.c.o' '-c' '-mtune=generic' '-march=i586'
Linking C executable cmTC_2fbd7
/usr/bin/cmake -E cmake_link_script CMakeFiles/cmTC_2fbd7.dir/link.txt --verbose=1
/usr/bin/cc  -v CMakeFiles/cmTC_2fbd7.dir/CMakeCCompilerABI.c.o -o cmTC_2fbd7 
Using built-in specs.
COLLECT_GCC=/usr/bin/cc
COLLECT_LTO_WRAPPER=/usr/libexec/gcc/i586-alpine-linux-musl/10.3.1/lto-wrapper
Target: i586-alpine-linux-musl
Configured with: /home/buildozer/aports/main/gcc/src/gcc-10.3.1_git20210424/configure --prefix=/usr --mandir=/usr/share/man --infodir=/usr/share/info --build=i586-alpine-linux-musl --host=i586-alpine-linux-musl --target=i586-alpine-linux-musl --with-pkgversion='Alpine 10.3.1_git20210424' --enable-checking=release --disable-fixed-point --disable-libstdcxx-pch --disable-multilib --disable-nls --disable-werror --disable-symvers --enable-__cxa_atexit --enable-default-pie --enable-default-ssp --enable-cloog-backend --enable-languages=c,c++,d,objc,go,fortran,ada --with-arch=i586 --with-tune=generic --enable-cld --disable-libssp --disable-libmpx --disable-libmudflap --disable-libsanitizer --enable-shared --enable-threads --enable-tls --with-system-zlib --with-linker-hash-style=gnu
Thread model: posix
Supported LTO compression algorithms: zlib
gcc version 10.3.1 20210424 (Alpine 10.3.1_git20210424) 
COMPILER_PATH=/usr/libexec/gcc/i586-alpine-linux-musl/10.3.1/:/usr/libexec/gcc/i586-alpine-linux-musl/10.3.1/:/usr/libexec/gcc/i586-alpine-linux-musl/:/usr/lib/gcc/i586-alpine-linux-musl/10.3.1/:/usr/lib/gcc/i586-alpine-linux-musl/:/usr/lib/gcc/i586-alpine-linux-musl/10.3.1/../../../../i586-alpine-linux-musl/bin/
LIBRARY_PATH=/usr/lib/gcc/i586-alpine-linux-musl/10.3.1/:/usr/lib/gcc/i586-alpine-linux-musl/10.3.1/../../../../i586-alpine-linux-musl/lib/:/usr/lib/gcc/i586-alpine-linux-musl/10.3.1/../../../:/lib/:/usr/lib/
COLLECT_GCC_OPTIONS='-v' '-o' 'cmTC_2fbd7' '-mtune=generic' '-march=i586'
 /usr/libexec/gcc/i586-alpine-linux-musl/10.3.1/collect2 -plugin /usr/libexec/gcc/i586-alpine-linux-musl/10.3.1/liblto_plugin.so -plugin-opt=/usr/libexec/gcc/i586-alpine-linux-musl/10.3.1/lto-wrapper -plugin-opt=-fresolution=/tmp/cckeEeeC.res -plugin-opt=-pass-through=-lgcc -plugin-opt=-pass-through=-lgcc_s -plugin-opt=-pass-through=-lc -plugin-opt=-pass-through=-lgcc -plugin-opt=-pass-through=-lgcc_s --eh-frame-hdr --hash-style=gnu -m elf_i386 --as-needed -dynamic-linker /lib/ld-musl-i386.so.1 -pie -z relro -z now -o cmTC_2fbd7 /usr/lib/gcc/i586-alpine-linux-musl/10.3.1/../../../Scrt1.o /usr/lib/gcc/i586-alpine-linux-musl/10.3.1/../../../crti.o /usr/lib/gcc/i586-alpine-linux-musl/10.3.1/crtbeginS.o -L/usr/lib/gcc/i586-alpine-linux-musl/10.3.1 -L/usr/lib/gcc/i586-alpine-linux-musl/10.3.1/../../../../i586-alpine-linux-musl/lib -L/usr/lib/gcc/i586-alpine-linux-musl/10.3.1/../../.. CMakeFiles/cmTC_2fbd7.dir/CMakeCCompilerABI.c.o -lssp_nonshared -lgcc --push-state --as-needed -lgcc_s --pop-state -lc -lgcc --push-state --as-needed -lgcc_s --pop-state /usr/lib/gcc/i586-alpine-linux-musl/10.3.1/crtendS.o /usr/lib/gcc/i586-alpine-linux-musl/10.3.1/../../../crtn.o
COLLECT_GCC_OPTIONS='-v' '-o' 'cmTC_2fbd7' '-mtune=generic' '-march=i586'
make[1]: Leaving directory '/root/coding/CMakeFiles/CMakeTmp'



Parsed C implicit include dir info from above output: rv=done
  found start of include info
  found start of implicit include info
    add: [/usr/include]
    add: [/usr/lib/gcc/i586-alpine-linux-musl/10.3.1/include]
  end of search list found
  collapse include dir [/usr/include] ==> [/usr/include]
  collapse include dir [/usr/lib/gcc/i586-alpine-linux-musl/10.3.1/include] ==> [/usr/lib/gcc/i586-alpine-linux-musl/10.3.1/include]
  implicit include dirs: [/usr/include;/usr/lib/gcc/i586-alpine-linux-musl/10.3.1/include]


Parsed C implicit link information from above output:
  link line regex: [^( *|.*[/\])(ld|CMAKE_LINK_STARTFILE-NOTFOUND|([^/\]+-)?ld|collect2)[^/\]*( |$)]
  ignore line: [Change Dir: /root/coding/CMakeFiles/CMakeTmp]
  ignore line: []
  ignore line: [Run Build Command(s):/usr/bin/make -f Makefile cmTC_2fbd7/fast && /usr/bin/make  -f CMakeFiles/cmTC_2fbd7.dir/build.make CMakeFiles/cmTC_2fbd7.dir/build]
  ignore line: [make[1]: Entering directory '/root/coding/CMakeFiles/CMakeTmp']
  ignore line: [Building C object CMakeFiles/cmTC_2fbd7.dir/CMakeCCompilerABI.c.o]
  ignore line: [/usr/bin/cc   -v -o CMakeFiles/cmTC_2fbd7.dir/CMakeCCompilerABI.c.o -c /usr/share/cmake/Modules/CMakeCCompilerABI.c]
  ignore line: [Using built-in specs.]
  ignore line: [COLLECT_GCC=/usr/bin/cc]
  ignore line: [Target: i586-alpine-linux-musl]
  ignore line: [Configured with: /home/buildozer/aports/main/gcc/src/gcc-10.3.1_git20210424/configure --prefix=/usr --mandir=/usr/share/man --infodir=/usr/share/info --build=i586-alpine-linux-musl --host=i586-alpine-linux-musl --target=i586-alpine-linux-musl --with-pkgversion='Alpine 10.3.1_git20210424' --enable-checking=release --disable-fixed-point --disable-libstdcxx-pch --disable-multilib --disable-nls --disable-werror --disable-symvers --enable-__cxa_atexit --enable-default-pie --enable-default-ssp --enable-cloog-backend --enable-languages=c c++ d objc go fortran ada --with-arch=i586 --with-tune=generic --enable-cld --disable-libssp --disable-libmpx --disable-libmudflap --disable-libsanitizer --enable-shared --enable-threads --enable-tls --with-system-zlib --with-linker-hash-style=gnu]
  ignore line: [Thread model: posix]
  ignore line: [Supported LTO compression algorithms: zlib]
  ignore line: [gcc version 10.3.1 20210424 (Alpine 10.3.1_git20210424) ]
  ignore line: [COLLECT_GCC_OPTIONS='-v' '-o' 'CMakeFiles/cmTC_2fbd7.dir/CMakeCCompilerABI.c.o' '-c' '-mtune=generic' '-march=i586']
  ignore line: [ /usr/libexec/gcc/i586-alpine-linux-musl/10.3.1/cc1 -quiet -v /usr/share/cmake/Modules/CMakeCCompilerABI.c -quiet -dumpbase CMakeCCompilerABI.c -mtune=generic -march=i586 -auxbase-strip CMakeFiles/cmTC_2fbd7.dir/CMakeCCompilerABI.c.o -version -o /tmp/ccpBiaHD.s]
  ignore line: [GNU C17 (Alpine 10.3.1_git20210424) version 10.3.1 20210424 (i586-alpine-linux-musl)]
  ignore line: [	compiled by GNU C version 10.3.1 20210424  GMP version 6.2.1  MPFR version 4.1.0  MPC version 1.2.1  isl version isl-0.22-GMP]
  ignore line: []
  ignore line: [GGC heuristics: --param ggc-min-expand=30 --param ggc-min-heapsize=4096]
  ignore line: [ignoring nonexistent directory "/usr/local/include"]
  ignore line: [ignoring nonexistent directory "/usr/lib/gcc/i586-alpine-linux-musl/10.3.1/../../../../i586-alpine-linux-musl/include"]
  ignore line: [ignoring nonexistent directory "/usr/include/fortify"]
  ignore line: [#include "..." search starts here:]
  ignore line: [#include <...> search starts here:]
  ignore line: [ /usr/include]
  ignore line: [ /usr/lib/gcc/i586-alpine-linux-musl/10.3.1/include]
  ignore line: [End of search list.]
  ignore line: [GNU C17 (Alpine 10.3.1_git20210424) version 10.3.1 20210424 (i586-alpine-linux-musl)]
  ignore line: [	compiled by GNU C version 10.3.1 20210424  GMP version 6.2.1  MPFR version 4.1.0  MPC version 1.2.1  isl version isl-0.22-GMP]
  ignore line: []
  ignore line: [GGC heuristics: --param ggc-min-expand=30 --param ggc-min-heapsize=4096]
  ignore line: [Compiler executable checksum: 432dc4fae8896abc54c38a5cb9f973d2]
  ignore line: [COLLECT_GCC_OPTIONS='-v' '-o' 'CMakeFiles/cmTC_2fbd7.dir/CMakeCCompilerABI.c.o' '-c' '-mtune=generic' '-march=i586']
  ignore line: [ /usr/lib/gcc/i586-alpine-linux-musl/10.3.1/../../../../i586-alpine-linux-musl/bin/as -v --32 -o CMakeFiles/cmTC_2fbd7.dir/CMakeCCompilerABI.c.o /tmp/ccpBiaHD.s]
  ignore line: [GNU assembler version 2.35.2 (i586-alpine-linux-musl) using BFD version (GNU Binutils) 2.35.2]
  ignore line: [COMPILER_PATH=/usr/libexec/gcc/i586-alpine-linux-musl/10.3.1/:/usr/libexec/gcc/i586-alpine-linux-musl/10.3.1/:/usr/libexec/gcc/i586-alpine-linux-musl/:/usr/lib/gcc/i586-alpine-linux-musl/10.3.1/:/usr/lib/gcc/i586-alpine-linux-musl/:/usr/lib/gcc/i586-alpine-linux-musl/10.3.1/../../../../i586-alpine-linux-musl/bin/]
  ignore line: [LIBRARY_PATH=/usr/lib/gcc/i586-alpine-linux-musl/10.3.1/:/usr/lib/gcc/i586-alpine-linux-musl/10.3.1/../../../../i586-alpine-linux-musl/lib/:/usr/lib/gcc/i586-alpine-linux-musl/10.3.1/../../../:/lib/:/usr/lib/]
  ignore line: [COLLECT_GCC_OPTIONS='-v' '-o' 'CMakeFiles/cmTC_2fbd7.dir/CMakeCCompilerABI.c.o' '-c' '-mtune=generic' '-march=i586']
  ignore line: [Linking C executable cmTC_2fbd7]
  ignore line: [/usr/bin/cmake -E cmake_link_script CMakeFiles/cmTC_2fbd7.dir/link.txt --verbose=1]
  ignore line: [/usr/bin/cc  -v CMakeFiles/cmTC_2fbd7.dir/CMakeCCompilerABI.c.o -o cmTC_2fbd7 ]
  ignore line: [Using built-in specs.]
  ignore line: [COLLECT_GCC=/usr/bin/cc]
  ignore line: [COLLECT_LTO_WRAPPER=/usr/libexec/gcc/i586-alpine-linux-musl/10.3.1/lto-wrapper]
  ignore line: [Target: i586-alpine-linux-musl]
  ignore line: [Configured with: /home/buildozer/aports/main/gcc/src/gcc-10.3.1_git20210424/configure --prefix=/usr --mandir=/usr/share/man --infodir=/usr/share/info --build=i586-alpine-linux-musl --host=i586-alpine-linux-musl --target=i586-alpine-linux-musl --with-pkgversion='Alpine 10.3.1_git20210424' --enable-checking=release --disable-fixed-point --disable-libstdcxx-pch --disable-multilib --disable-nls --disable-werror --disable-symvers --enable-__cxa_atexit --enable-default-pie --enable-default-ssp --enable-cloog-backend --enable-languages=c c++ d objc go fortran ada --with-arch=i586 --with-tune=generic --enable-cld --disable-libssp --disable-libmpx --disable-libmudflap --disable-libsanitizer --enable-shared --enable-threads --enable-tls --with-system-zlib --with-linker-hash-style=gnu]
  ignore line: [Thread model: posix]
  ignore line: [Supported LTO compression algorithms: zlib]
  ignore line: [gcc version 10.3.1 20210424 (Alpine 10.3.1_git20210424) ]
  ignore line: [COMPILER_PATH=/usr/libexec/gcc/i586-alpine-linux-musl/10.3.1/:/usr/libexec/gcc/i586-alpine-linux-musl/10.3.1/:/usr/libexec/gcc/i586-alpine-linux-musl/:/usr/lib/gcc/i586-alpine-linux-musl/10.3.1/:/usr/lib/gcc/i586-alpine-linux-musl/:/usr/lib/gcc/i586-alpine-linux-musl/10.3.1/../../../../i586-alpine-linux-musl/bin/]
  ignore line: [LIBRARY_PATH=/usr/lib/gcc/i586-alpine-linux-musl/10.3.1/:/usr/lib/gcc/i586-alpine-linux-musl/10.3.1/../../../../i586-alpine-linux-musl/lib/:/usr/lib/gcc/i586-alpine-linux-musl/10.3.1/../../../:/lib/:/usr/lib/]
  ignore line: [COLLECT_GCC_OPTIONS='-v' '-o' 'cmTC_2fbd7' '-mtune=generic' '-march=i586']
  link line: [ /usr/libexec/gcc/i586-alpine-linux-musl/10.3.1/collect2 -plugin /usr/libexec/gcc/i586-alpine-linux-musl/10.3.1/liblto_plugin.so -plugin-opt=/usr/libexec/gcc/i586-alpine-linux-musl/10.3.1/lto-wrapper -plugin-opt=-fresolution=/tmp/cckeEeeC.res -plugin-opt=-pass-through=-lgcc -plugin-opt=-pass-through=-lgcc_s -plugin-opt=-pass-through=-lc -plugin-opt=-pass-through=-lgcc -plugin-opt=-pass-through=-lgcc_s --eh-frame-hdr --hash-style=gnu -m elf_i386 --as-needed -dynamic-linker /lib/ld-musl-i386.so.1 -pie -z relro -z now -o cmTC_2fbd7 /usr/lib/gcc/i586-alpine-linux-musl/10.3.1/../../../Scrt1.o /usr/lib/gcc/i586-alpine-linux-musl/10.3.1/../../../crti.o /usr/lib/gcc/i586-alpine-linux-musl/10.3.1/crtbeginS.o -L/usr/lib/gcc/i586-alpine-linux-musl/10.3.1 -L/usr/lib/gcc/i586-alpine-linux-musl/10.3.1/../../../../i586-alpine-linux-musl/lib -L/usr/lib/gcc/i586-alpine-linux-musl/10.3.1/../../.. CMakeFiles/cmTC_2fbd7.dir/CMakeCCompilerABI.c.o -lssp_nonshared -lgcc --push-state --as-needed -lgcc_s --pop-state -lc -lgcc --push-state --as-needed -lgcc_s --pop-state /usr/lib/gcc/i586-alpine-linux-musl/10.3.1/crtendS.o /usr/lib/gcc/i586-alpine-linux-musl/10.3.1/../../../crtn.o]
    arg [/usr/libexec/gcc/i586-alpine-linux-musl/10.3.1/collect2] ==> ignore
    arg [-plugin] ==> ignore
    arg [/usr/libexec/gcc/i586-alpine-linux-musl/10.3.1/liblto_plugin.so] ==> ignore
    arg [-plugin-opt=/usr/libexec/gcc/i586-alpine-linux-musl/10.3.1/lto-wrapper] ==> ignore
    arg [-plugin-opt=-fresolution=/tmp/cckeEeeC.res] ==> ignore
    arg [-plugin-opt=-pass-through=-lgcc] ==> ignore
    arg [-plugin-opt=-pass-through=-lgcc_s] ==> ignore
    arg [-plugin-opt=-pass-through=-lc] ==> ignore
    arg [-plugin-opt=-pass-through=-lgcc] ==> ignore
    arg [-plugin-opt=-pass-through=-lgcc_s] ==> ignore
    arg [--eh-frame-hdr] ==> ignore
    arg [--hash-style=gnu] ==> ignore
    arg [-m] ==> ignore
    arg [elf_i386] ==> ignore
    arg [--as-needed] ==> ignore
    arg [-dynamic-linker] ==> ignore
    arg [/lib/ld-musl-i386.so.1] ==> ignore
    arg [-pie] ==> ignore
    arg [-zrelro] ==> ignore
    arg [-znow] ==> ignore
    arg [-o] ==> ignore
    arg [cmTC_2fbd7] ==> ignore
    arg [/usr/lib/gcc/i586-alpine-linux-musl/10.3.1/../../../Scrt1.o] ==> obj [/usr/lib/gcc/i586-alpine-linux-musl/10.3.1/../../../Scrt1.o]
    arg [/usr/lib/gcc/i586-alpine-linux-musl/10.3.1/../../../crti.o] ==> obj [/usr/lib/gcc/i586-alpine-linux-musl/10.3.1/../../../crti.o]
    arg [/usr/lib/gcc/i586-alpine-linux-musl/10.3.1/crtbeginS.o] ==> obj [/usr/lib/gcc/i586-alpine-linux-musl/10.3.1/crtbeginS.o]
    arg [-L/usr/lib/gcc/i586-alpine-linux-musl/10.3.1] ==> dir [/usr/lib/gcc/i586-alpine-linux-musl/10.3.1]
    arg [-L/usr/lib/gcc/i586-alpine-linux-musl/10.3.1/../../../../i586-alpine-linux-musl/lib] ==> dir [/usr/lib/gcc/i586-alpine-linux-musl/10.3.1/../../../../i586-alpine-linux-musl/lib]
    arg [-L/usr/lib/gcc/i586-alpine-linux-musl/10.3.1/../../..] ==> dir [/usr/lib/gcc/i586-alpine-linux-musl/10.3.1/../../..]
    arg [CMakeFiles/cmTC_2fbd7.dir/CMakeCCompilerABI.c.o] ==> ignore
    arg [-lssp_nonshared] ==> lib [ssp_nonshared]
    arg [-lgcc] ==> lib [gcc]
    arg [--push-state] ==> ignore
    arg [--as-needed] ==> ignore
    arg [-lgcc_s] ==> lib [gcc_s]
    arg [--pop-state] ==> ignore
    arg [-lc] ==> lib [c]
    arg [-lgcc] ==> lib [gcc]
    arg [--push-state] ==> ignore
    arg [--as-needed] ==> ignore
    arg [-lgcc_s] ==> lib [gcc_s]
    arg [--pop-state] ==> ignore
    arg [/usr/lib/gcc/i586-alpine-linux-musl/10.3.1/crtendS.o] ==> obj [/usr/lib/gcc/i586-alpine-linux-musl/10.3.1/crtendS.o]
    arg [/usr/lib/gcc/i586-alpine-linux-musl/10.3.1/../../../crtn.o] ==> obj [/usr/lib/gcc/i586-alpine-linux-musl/10.3.1/../../../crtn.o]
  collapse obj [/usr/lib/gcc/i586-alpine-linux-musl/10.3.1/../../../Scrt1.o] ==> [/usr/lib/Scrt1.o]
  collapse obj [/usr/lib/gcc/i586-alpine-linux-musl/10.3.1/../../../crti.o] ==> [/usr/lib/crti.o]
  collapse obj [/usr/lib/gcc/i586-alpine-linux-musl/10.3.1/../../../crtn.o] ==> [/usr/lib/crtn.o]
  collapse library dir [/usr/lib/gcc/i586-alpine-linux-musl/10.3.1] ==> [/usr/lib/gcc/i586-alpine-linux-musl/10.3.1]
  collapse library dir [/usr/lib/gcc/i586-alpine-linux-musl/10.3.1/../../../../i586-alpine-linux-musl/lib] ==> [/usr/i586-alpine-linux-musl/lib]
  collapse library dir [/usr/lib/gcc/i586-alpine-linux-musl/10.3.1/../../..] ==> [/usr/lib]
  implicit libs: [ssp_nonshared;gcc;gcc_s;c;gcc;gcc_s]
  implicit objs: [/usr/lib/Scrt1.o;/usr/lib/crti.o;/usr/lib/gcc/i586-alpine-linux-musl/10.3.1/crtbeginS.o;/usr/lib/gcc/i586-alpine-linux-musl/10.3.1/crtendS.o;/usr/lib/crtn.o]
  implicit dirs: [/usr/lib/gcc/i586-alpine-linux-musl/10.3.1;/usr/i586-alpine-linux-musl/lib;/usr/lib]
  implicit fwks: []


Detecting CXX compiler ABI info compiled with the following output:
Change Dir: /root/coding/CMakeFiles/CMakeTmp

Run Build Command(s):/usr/bin/make -f Makefile cmTC_39d42/fast && /usr/bin/make  -f CMakeFiles/cmTC_39d42.dir/build.make CMakeFiles/cmTC_39d42.dir/build
make[1]: Entering directory '/root/coding/CMakeFiles/CMakeTmp'
Building CXX object CMakeFiles/cmTC_39d42.dir/CMakeCXXCompilerABI.cpp.o
/usr/bin/c++   -v -o CMakeFiles/cmTC_39d42.dir/CMakeCXXCompilerABI.cpp.o -c /usr/share/cmake/Modules/CMakeCXXCompilerABI.cpp
Using built-in specs.
COLLECT_GCC=/usr/bin/c++
Target: i586-alpine-linux-musl
Configured with: /home/buildozer/aports/main/gcc/src/gcc-10.3.1_git20210424/configure --prefix=/usr --mandir=/usr/share/man --infodir=/usr/share/info --build=i586-alpine-linux-musl --host=i586-alpine-linux-musl --target=i586-alpine-linux-musl --with-pkgversion='Alpine 10.3.1_git20210424' --enable-checking=release --disable-fixed-point --disable-libstdcxx-pch --disable-multilib --disable-nls --disable-werror --disable-symvers --enable-__cxa_atexit --enable-default-pie --enable-default-ssp --enable-cloog-backend --enable-languages=c,c++,d,objc,go,fortran,ada --with-arch=i586 --with-tune=generic --enable-cld --disable-libssp --disable-libmpx --disable-libmudflap --disable-libsanitizer --enable-shared --enable-threads --enable-tls --with-system-zlib --with-linker-hash-style=gnu
Thread model: posix
Supported LTO compression algorithms: zlib
gcc version 10.3.1 20210424 (Alpine 10.3.1_git20210424) 
COLLECT_GCC_OPTIONS='-v' '-o' 'CMakeFiles/cmTC_39d42.dir/CMakeCXXCompilerABI.cpp.o' '-c' '-shared-libgcc' '-mtune=generic' '-march=i586'
 /usr/libexec/gcc/i586-alpine-linux-musl/10.3.1/cc1plus -quiet -v -D_GNU_SOURCE /usr/share/cmake/Modules/CMakeCXXCompilerABI.cpp -quiet -dumpbase CMakeCXXCompilerABI.cpp -mtune=generic -march=i586 -auxbase-strip CMakeFiles/cmTC_39d42.dir/CMakeCXXCompilerABI.cpp.o -version -o /tmp/ccOCbMnb.s
GNU C++14 (Alpine 10.3.1_git20210424) version 10.3.1 20210424 (i586-alpine-linux-musl)
	compiled by GNU C version 10.3.1 20210424, GMP version 6.2.1, MPFR version 4.1.0, MPC version 1.2.1, isl version isl-0.22-GMP

GGC heuristics: --param ggc-min-expand=30 --param ggc-min-heapsize=4096
ignoring nonexistent directory "/usr/local/include"
ignoring nonexistent directory "/usr/lib/gcc/i586-alpine-linux-musl/10.3.1/../../../../i586-alpine-linux-musl/include"
ignoring nonexistent directory "/usr/include/fortify"
#include "..." search starts here:
#include <...> search starts here:
 /usr/lib/gcc/i586-alpine-linux-musl/10.3.1/../../../../include/c++/10.3.1
 /usr/lib/gcc/i586-alpine-linux-musl/10.3.1/../../../../include/c++/10.3.1/i586-alpine-linux-musl
 /usr/lib/gcc/i586-alpine-linux-musl/10.3.1/../../../../include/c++/10.3.1/backward
 /usr/include
 /usr/lib/gcc/i586-alpine-linux-musl/10.3.1/include
End of search list.
GNU C++14 (Alpine 10.3.1_git20210424) version 10.3.1 20210424 (i586-alpine-linux-musl)
	compiled by GNU C version 10.3.1 20210424, GMP version 6.2.1, MPFR version 4.1.0, MPC version 1.2.1, isl version isl-0.22-GMP

GGC heuristics: --param ggc-min-expand=30 --param ggc-min-heapsize=4096
Compiler executable checksum: 5a797b246a3fcf68a2ebeb0d2543b10f
COLLECT_GCC_OPTIONS='-v' '-o' 'CMakeFiles/cmTC_39d42.dir/CMakeCXXCompilerABI.cpp.o' '-c' '-shared-libgcc' '-mtune=generic' '-march=i586'
 /usr/lib/gcc/i586-alpine-linux-musl/10.3.1/../../../../i586-alpine-linux-musl/bin/as -v --32 -o CMakeFiles/cmTC_39d42.dir/CMakeCXXCompilerABI.cpp.o /tmp/ccOCbMnb.s
GNU assembler version 2.35.2 (i586-alpine-linux-musl) using BFD version (GNU Binutils) 2.35.2
COMPILER_PATH=/usr/libexec/gcc/i586-alpine-linux-musl/10.3.1/:/usr/libexec/gcc/i586-alpine-linux-musl/10.3.1/:/usr/libexec/gcc/i586-alpine-linux-musl/:/usr/lib/gcc/i586-alpine-linux-musl/10.3.1/:/usr/lib/gcc/i586-alpine-linux-musl/:/usr/lib/gcc/i586-alpine-linux-musl/10.3.1/../../../../i586-alpine-linux-musl/bin/
LIBRARY_PATH=/usr/lib/gcc/i586-alpine-linux-musl/10.3.1/:/usr/lib/gcc/i586-alpine-linux-musl/10.3.1/../../../../i586-alpine-linux-musl/lib/:/usr/lib/gcc/i586-alpine-linux-musl/10.3.1/../../../:/lib/:/usr/lib/
COLLECT_GCC_OPTIONS='-v' '-o' 'CMakeFiles/cmTC_39d42.dir/CMakeCXXCompilerABI.cpp.o' '-c' '-shared-libgcc' '-mtune=generic' '-march=i586'
Linking CXX executable cmTC_39d42
/usr/bin/cmake -E cmake_link_script CMakeFiles/cmTC_39d42.dir/link.txt --verbose=1
/usr/bin/c++  -v CMakeFiles/cmTC_39d42.dir/CMakeCXXCompilerABI.cpp.o -o cmTC_39d42 
Using built-in specs.
COLLECT_GCC=/usr/bin/c++
COLLECT_LTO_WRAPPER=/usr/libexec/gcc/i586-alpine-linux-musl/10.3.1/lto-wrapper
Target: i586-alpine-linux-musl
Configured with: /home/buildozer/aports/main/gcc/src/gcc-10.3.1_git20210424/configure --prefix=/usr --mandir=/usr/share/man --infodir=/usr/share/info --build=i586-alpine-linux-musl --host=i586-alpine-linux-musl --target=i586-alpine-linux-musl --with-pkgversion='Alpine 10.3.1_git20210424' --enable-checking=release --disable-fixed-point --disable-libstdcxx-pch --disable-multilib --disable-nls --disable-werror --disable-symvers --enable-__cxa_atexit --enable-default-pie --enable-default-ssp --enable-cloog-backend --enable-languages=c,c++,d,objc,go,fortran,ada --with-arch=i586 --with-tune=generic --enable-cld --disable-libssp --disable-libmpx --disable-libmudflap --disable-libsanitizer --enable-shared --enable-threads --enable-tls --with-system-zlib --with-linker-hash-style=gnu
Thread model: posix
Supported LTO compression algorithms: zlib
gcc version 10.3.1 20210424 (Alpine 10.3.1_git20210424) 
COMPILER_PATH=/usr/libexec/gcc/i586-alpine-linux-musl/10.3.1/:/usr/libexec/gcc/i586-alpine-linux-musl/10.3.1/:/usr/libexec/gcc/i586-alpine-linux-musl/:/usr/lib/gcc/i586-alpine-linux-musl/10.3.1/:/usr/lib/gcc/i586-alpine-linux-musl/:/usr/lib/gcc/i586-alpine-linux-musl/10.3.1/../../../../i586-alpine-linux-musl/bin/
LIBRARY_PATH=/usr/lib/gcc/i586-alpine-linux-musl/10.3.1/:/usr/lib/gcc/i586-alpine-linux-musl/10.3.1/../../../../i586-alpine-linux-musl/lib/:/usr/lib/gcc/i586-alpine-linux-musl/10.3.1/../../../:/lib/:/usr/lib/
COLLECT_GCC_OPTIONS='-v' '-o' 'cmTC_39d42' '-shared-libgcc' '-mtune=generic' '-march=i586'
 /usr/libexec/gcc/i586-alpine-linux-musl/10.3.1/collect2 -plugin /usr/libexec/gcc/i586-alpine-linux-musl/10.3.1/liblto_plugin.so -plugin-opt=/usr/libexec/gcc/i586-alpine-linux-musl/10.3.1/lto-wrapper -plugin-opt=-fresolution=/tmp/cckHPBHe.res -plugin-opt=-pass-through=-lgcc_s -plugin-opt=-pass-through=-lgcc -plugin-opt=-pass-through=-lc -plugin-opt=-pass-through=-lgcc_s -plugin-opt=-pass-through=-lgcc --eh-frame-hdr --hash-style=gnu -m elf_i386 --as-needed -dynamic-linker /lib/ld-musl-i386.so.1 -pie -z relro -z now -o cmTC_39d42 /usr/lib/gcc/i586-alpine-linux-musl/10.3.1/../../../Scrt1.o /usr/lib/gcc/i586-alpine-linux-musl/10.3.1/../../../crti.o /usr/lib/gcc/i586-alpine-linux-musl/10.3.1/crtbeginS.o -L/usr/lib/gcc/i586-alpine-linux-musl/10.3.1 -L/usr/lib/gcc/i586-alpine-linux-musl/10.3.1/../../../../i586-alpine-linux-musl/lib -L/usr/lib/gcc/i586-alpine-linux-musl/10.3.1/../../.. CMakeFiles/cmTC_39d42.dir/CMakeCXXCompilerABI.cpp.o -lstdc++ -lm -lssp_nonshared -lgcc_s -lgcc -lc -lgcc_s -lgcc /usr/lib/gcc/i586-alpine-linux-musl/10.3.1/crtendS.o /usr/lib/gcc/i586-alpine-linux-musl/10.3.1/../../../crtn.o
COLLECT_GCC_OPTIONS='-v' '-o' 'cmTC_39d42' '-shared-libgcc' '-mtune=generic' '-march=i586'
make[1]: Leaving directory '/root/coding/CMakeFiles/CMakeTmp'



Parsed CXX implicit include dir info from above output: rv=done
  found start of include info
  found start of implicit include info
    add: [/usr/lib/gcc/i586-alpine-linux-musl/10.3.1/../../../../include/c++/10.3.1]
    add: [/usr/lib/gcc/i586-alpine-linux-musl/10.3.1/../../../../include/c++/10.3.1/i586-alpine-linux-musl]
    add: [/usr/lib/gcc/i586-alpine-linux-musl/10.3.1/../../../../include/c++/10.3.1/backward]
    add: [/usr/include]
    add: [/usr/lib/gcc/i586-alpine-linux-musl/10.3.1/include]
  end of search list found
  collapse include dir [/usr/lib/gcc/i586-alpine-linux-musl/10.3.1/../../../../include/c++/10.3.1] ==> [/usr/include/c++/10.3.1]
  collapse include dir [/usr/lib/gcc/i586-alpine-linux-musl/10.3.1/../../../../include/c++/10.3.1/i586-alpine-linux-musl] ==> [/usr/include/c++/10.3.1/i586-alpine-linux-musl]
  collapse include dir [/usr/lib/gcc/i586-alpine-linux-musl/10.3.1/../../../../include/c++/10.3.1/backward] ==> [/usr/include/c++/10.3.1/backward]
  collapse include dir [/usr/include] ==> [/usr/include]
  collapse include dir [/usr/lib/gcc/i586-alpine-linux-musl/10.3.1/include] ==> [/usr/lib/gcc/i586-alpine-linux-musl/10.3.1/include]
  implicit include dirs: [/usr/include/c++/10.3.1;/usr/include/c++/10.3.1/i586-alpine-linux-musl;/usr/include/c++/10.3.1/backward;/usr/include;/usr/lib/gcc/i586-alpine-linux-musl/10.3.1/include]


Parsed CXX implicit link information from above output:
  link line regex: [^( *|.*[/\])(ld|CMAKE_LINK_STARTFILE-NOTFOUND|([^/\]+-)?ld|collect2)[^/\]*( |$)]
  ignore line: [Change Dir: /root/coding/CMakeFiles/CMakeTmp]
  ignore line: []
  ignore line: [Run Build Command(s):/usr/bin/make -f Makefile cmTC_39d42/fast && /usr/bin/make  -f CMakeFiles/cmTC_39d42.dir/build.make CMakeFiles/cmTC_39d42.dir/build]
  ignore line: [make[1]: Entering directory '/root/coding/CMakeFiles/CMakeTmp']
  ignore line: [Building CXX object CMakeFiles/cmTC_39d42.dir/CMakeCXXCompilerABI.cpp.o]
  ignore line: [/usr/bin/c++   -v -o CMakeFiles/cmTC_39d42.dir/CMakeCXXCompilerABI.cpp.o -c /usr/share/cmake/Modules/CMakeCXXCompilerABI.cpp]
  ignore line: [Using built-in specs.]
  ignore line: [COLLECT_GCC=/usr/bin/c++]
  ignore line: [Target: i586-alpine-linux-musl]
  ignore line: [Configured with: /home/buildozer/aports/main/gcc/src/gcc-10.3.1_git20210424/configure --prefix=/usr --mandir=/usr/share/man --infodir=/usr/share/info --build=i586-alpine-linux-musl --host=i586-alpine-linux-musl --target=i586-alpine-linux-musl --with-pkgversion='Alpine 10.3.1_git20210424' --enable-checking=release --disable-fixed-point --disable-libstdcxx-pch --disable-multilib --disable-nls --disable-werror --disable-symvers --enable-__cxa_atexit --enable-default-pie --enable-default-ssp --enable-cloog-backend --enable-languages=c c++ d objc go fortran ada --with-arch=i586 --with-tune=generic --enable-cld --disable-libssp --disable-libmpx --disable-libmudflap --disable-libsanitizer --enable-shared --enable-threads --enable-tls --with-system-zlib --with-linker-hash-style=gnu]
  ignore line: [Thread model: posix]
  ignore line: [Supported LTO compression algorithms: zlib]
  ignore line: [gcc version 10.3.1 20210424 (Alpine 10.3.1_git20210424) ]
  ignore line: [COLLECT_GCC_OPTIONS='-v' '-o' 'CMakeFiles/cmTC_39d42.dir/CMakeCXXCompilerABI.cpp.o' '-c' '-shared-libgcc' '-mtune=generic' '-march=i586']
  ignore line: [ /usr/libexec/gcc/i586-alpine-linux-musl/10.3.1/cc1plus -quiet -v -D_GNU_SOURCE /usr/share/cmake/Modules/CMakeCXXCompilerABI.cpp -quiet -dumpbase CMakeCXXCompilerABI.cpp -mtune=generic -march=i586 -auxbase-strip CMakeFiles/cmTC_39d42.dir/CMakeCXXCompilerABI.cpp.o -version -o /tmp/ccOCbMnb.s]
  ignore line: [GNU C++14 (Alpine 10.3.1_git20210424) version 10.3.1 20210424 (i586-alpine-linux-musl)]
  ignore line: [	compiled by GNU C version 10.3.1 20210424  GMP version 6.2.1  MPFR version 4.1.0  MPC version 1.2.1  isl version isl-0.22-GMP]
  ignore line: []
  ignore line: [GGC heuristics: --param ggc-min-expand=30 --param ggc-min-heapsize=4096]
  ignore line: [ignoring nonexistent directory "/usr/local/include"]
  ignore line: [ignoring nonexistent directory "/usr/lib/gcc/i586-alpine-linux-musl/10.3.1/../../../../i586-alpine-linux-musl/include"]
  ignore line: [ignoring nonexistent directory "/usr/include/fortify"]
  ignore line: [#include "..." search starts here:]
  ignore line: [#include <...> search starts here:]
  ignore line: [ /usr/lib/gcc/i586-alpine-linux-musl/10.3.1/../../../../include/c++/10.3.1]
  ignore line: [ /usr/lib/gcc/i586-alpine-linux-musl/10.3.1/../../../../include/c++/10.3.1/i586-alpine-linux-musl]
  ignore line: [ /usr/lib/gcc/i586-alpine-linux-musl/10.3.1/../../../../include/c++/10.3.1/backward]
  ignore line: [ /usr/include]
  ignore line: [ /usr/lib/gcc/i586-alpine-linux-musl/10.3.1/include]
  ignore line: [End of search list.]
  ignore line: [GNU C++14 (Alpine 10.3.1_git20210424) version 10.3.1 20210424 (i586-alpine-linux-musl)]
  ignore line: [	compiled by GNU C version 10.3.1 20210424  GMP version 6.2.1  MPFR version 4.1.0  MPC version 1.2.1  isl version isl-0.22-GMP]
  ignore line: []
  ignore line: [GGC heuristics: --param ggc-min-expand=30 --param ggc-min-heapsize=4096]
  ignore line: [Compiler executable checksum: 5a797b246a3fcf68a2ebeb0d2543b10f]
  ignore line: [COLLECT_GCC_OPTIONS='-v' '-o' 'CMakeFiles/cmTC_39d42.dir/CMakeCXXCompilerABI.cpp.o' '-c' '-shared-libgcc' '-mtune=generic' '-march=i586']
  ignore line: [ /usr/lib/gcc/i586-alpine-linux-musl/10.3.1/../../../../i586-alpine-linux-musl/bin/as -v --32 -o CMakeFiles/cmTC_39d42.dir/CMakeCXXCompilerABI.cpp.o /tmp/ccOCbMnb.s]
  ignore line: [GNU assembler version 2.35.2 (i586-alpine-linux-musl) using BFD version (GNU Binutils) 2.35.2]
  ignore line: [COMPILER_PATH=/usr/libexec/gcc/i586-alpine-linux-musl/10.3.1/:/usr/libexec/gcc/i586-alpine-linux-musl/10.3.1/:/usr/libexec/gcc/i586-alpine-linux-musl/:/usr/lib/gcc/i586-alpine-linux-musl/10.3.1/:/usr/lib/gcc/i586-alpine-linux-musl/:/usr/lib/gcc/i586-alpine-linux-musl/10.3.1/../../../../i586-alpine-linux-musl/bin/]
  ignore line: [LIBRARY_PATH=/usr/lib/gcc/i586-alpine-linux-musl/10.3.1/:/usr/lib/gcc/i586-alpine-linux-musl/10.3.1/../../../../i586-alpine-linux-musl/lib/:/usr/lib/gcc/i586-alpine-linux-musl/10.3.1/../../../:/lib/:/usr/lib/]
  ignore line: [COLLECT_GCC_OPTIONS='-v' '-o' 'CMakeFiles/cmTC_39d42.dir/CMakeCXXCompilerABI.cpp.o' '-c' '-shared-libgcc' '-mtune=generic' '-march=i586']
  ignore line: [Linking CXX executable cmTC_39d42]
  ignore line: [/usr/bin/cmake -E cmake_link_script CMakeFiles/cmTC_39d42.dir/link.txt --verbose=1]
  ignore line: [/usr/bin/c++  -v CMakeFiles/cmTC_39d42.dir/CMakeCXXCompilerABI.cpp.o -o cmTC_39d42 ]
  ignore line: [Using built-in specs.]
  ignore line: [COLLECT_GCC=/usr/bin/c++]
  ignore line: [COLLECT_LTO_WRAPPER=/usr/libexec/gcc/i586-alpine-linux-musl/10.3.1/lto-wrapper]
  ignore line: [Target: i586-alpine-linux-musl]
  ignore line: [Configured with: /home/buildozer/aports/main/gcc/src/gcc-10.3.1_git20210424/configure --prefix=/usr --mandir=/usr/share/man --infodir=/usr/share/info --build=i586-alpine-linux-musl --host=i586-alpine-linux-musl --target=i586-alpine-linux-musl --with-pkgversion='Alpine 10.3.1_git20210424' --enable-checking=release --disable-fixed-point --disable-libstdcxx-pch --disable-multilib --disable-nls --disable-werror --disable-symvers --enable-__cxa_atexit --enable-default-pie --enable-default-ssp --enable-cloog-backend --enable-languages=c c++ d objc go fortran ada --with-arch=i586 --with-tune=generic --enable-cld --disable-libssp --disable-libmpx --disable-libmudflap --disable-libsanitizer --enable-shared --enable-threads --enable-tls --with-system-zlib --with-linker-hash-style=gnu]
  ignore line: [Thread model: posix]
  ignore line: [Supported LTO compression algorithms: zlib]
  ignore line: [gcc version 10.3.1 20210424 (Alpine 10.3.1_git20210424) ]
  ignore line: [COMPILER_PATH=/usr/libexec/gcc/i586-alpine-linux-musl/10.3.1/:/usr/libexec/gcc/i586-alpine-linux-musl/10.3.1/:/usr/libexec/gcc/i586-alpine-linux-musl/:/usr/lib/gcc/i586-alpine-linux-musl/10.3.1/:/usr/lib/gcc/i586-alpine-linux-musl/:/usr/lib/gcc/i586-alpine-linux-musl/10.3.1/../../../../i586-alpine-linux-musl/bin/]
  ignore line: [LIBRARY_PATH=/usr/lib/gcc/i586-alpine-linux-musl/10.3.1/:/usr/lib/gcc/i586-alpine-linux-musl/10.3.1/../../../../i586-alpine-linux-musl/lib/:/usr/lib/gcc/i586-alpine-linux-musl/10.3.1/../../../:/lib/:/usr/lib/]
  ignore line: [COLLECT_GCC_OPTIONS='-v' '-o' 'cmTC_39d42' '-shared-libgcc' '-mtune=generic' '-march=i586']
  link line: [ /usr/libexec/gcc/i586-alpine-linux-musl/10.3.1/collect2 -plugin /usr/libexec/gcc/i586-alpine-linux-musl/10.3.1/liblto_plugin.so -plugin-opt=/usr/libexec/gcc/i586-alpine-linux-musl/10.3.1/lto-wrapper -plugin-opt=-fresolution=/tmp/cckHPBHe.res -plugin-opt=-pass-through=-lgcc_s -plugin-opt=-pass-through=-lgcc -plugin-opt=-pass-through=-lc -plugin-opt=-pass-through=-lgcc_s -plugin-opt=-pass-through=-lgcc --eh-frame-hdr --hash-style=gnu -m elf_i386 --as-needed -dynamic-linker /lib/ld-musl-i386.so.1 -pie -z relro -z now -o cmTC_39d42 /usr/lib/gcc/i586-alpine-linux-musl/10.3.1/../../../Scrt1.o /usr/lib/gcc/i586-alpine-linux-musl/10.3.1/../../../crti.o /usr/lib/gcc/i586-alpine-linux-musl/10.3.1/crtbeginS.o -L/usr/lib/gcc/i586-alpine-linux-musl/10.3.1 -L/usr/lib/gcc/i586-alpine-linux-musl/10.3.1/../../../../i586-alpine-linux-musl/lib -L/usr/lib/gcc/i586-alpine-linux-musl/10.3.1/../../.. CMakeFiles/cmTC_39d42.dir/CMakeCXXCompilerABI.cpp.o -lstdc++ -lm -lssp_nonshared -lgcc_s -lgcc -lc -lgcc_s -lgcc /usr/lib/gcc/i586-alpine-linux-musl/10.3.1/crtendS.o /usr/lib/gcc/i586-alpine-linux-musl/10.3.1/../../../crtn.o]
    arg [/usr/libexec/gcc/i586-alpine-linux-musl/10.3.1/collect2] ==> ignore
    arg [-plugin] ==> ignore
    arg [/usr/libexec/gcc/i586-alpine-linux-musl/10.3.1/liblto_plugin.so] ==> ignore
    arg [-plugin-opt=/usr/libexec/gcc/i586-alpine-linux-musl/10.3.1/lto-wrapper] ==> ignore
    arg [-plugin-opt=-fresolution=/tmp/cckHPBHe.res] ==> ignore
    arg [-plugin-opt=-pass-through=-lgcc_s] ==> ignore
    arg [-plugin-opt=-pass-through=-lgcc] ==> ignore
    arg [-plugin-opt=-pass-through=-lc] ==> ignore
    arg [-plugin-opt=-pass-through=-lgcc_s] ==> ignore
    arg [-plugin-opt=-pass-through=-lgcc] ==> ignore
    arg [--eh-frame-hdr] ==> ignore
    arg [--hash-style=gnu] ==> ignore
    arg [-m] ==> ignore
    arg [elf_i386] ==> ignore
    arg [--as-needed] ==> ignore
    arg [-dynamic-linker] ==> ignore
    arg [/lib/ld-musl-i386.so.1] ==> ignore
    arg [-pie] ==> ignore
    arg [-zrelro] ==> ignore
    arg [-znow] ==> ignore
    arg [-o] ==> ignore
    arg [cmTC_39d42] ==> ignore
    arg [/usr/lib/gcc/i586-alpine-linux-musl/10.3.1/../../../Scrt1.o] ==> obj [/usr/lib/gcc/i586-alpine-linux-musl/10.3.1/../../../Scrt1.o]
    arg [/usr/lib/gcc/i586-alpine-linux-musl/10.3.1/../../../crti.o] ==> obj [/usr/lib/gcc/i586-alpine-linux-musl/10.3.1/../../../crti.o]
    arg [/usr/lib/gcc/i586-alpine-linux-musl/10.3.1/crtbeginS.o] ==> obj [/usr/lib/gcc/i586-alpine-linux-musl/10.3.1/crtbeginS.o]
    arg [-L/usr/lib/gcc/i586-alpine-linux-musl/10.3.1] ==> dir [/usr/lib/gcc/i586-alpine-linux-musl/10.3.1]
    arg [-L/usr/lib/gcc/i586-alpine-linux-musl/10.3.1/../../../../i586-alpine-linux-musl/lib] ==> dir [/usr/lib/gcc/i586-alpine-linux-musl/10.3.1/../../../../i586-alpine-linux-musl/lib]
    arg [-L/usr/lib/gcc/i586-alpine-linux-musl/10.3.1/../../..] ==> dir [/usr/lib/gcc/i586-alpine-linux-musl/10.3.1/../../..]
    arg [CMakeFiles/cmTC_39d42.dir/CMakeCXXCompilerABI.cpp.o] ==> ignore
    arg [-lstdc++] ==> lib [stdc++]
    arg [-lm] ==> lib [m]
    arg [-lssp_nonshared] ==> lib [ssp_nonshared]
    arg [-lgcc_s] ==> lib [gcc_s]
    arg [-lgcc] ==> lib [gcc]
    arg [-lc] ==> lib [c]
    arg [-lgcc_s] ==> lib [gcc_s]
    arg [-lgcc] ==> lib [gcc]
    arg [/usr/lib/gcc/i586-alpine-linux-musl/10.3.1/crtendS.o] ==> obj [/usr/lib/gcc/i586-alpine-linux-musl/10.3.1/crtendS.o]
    arg [/usr/lib/gcc/i586-alpine-linux-musl/10.3.1/../../../crtn.o] ==> obj [/usr/lib/gcc/i586-alpine-linux-musl/10.3.1/../../../crtn.o]
  collapse obj [/usr/lib/gcc/i586-alpine-linux-musl/10.3.1/../../../Scrt1.o] ==> [/usr/lib/Scrt1.o]
  collapse obj [/usr/lib/gcc/i586-alpine-linux-musl/10.3.1/../../../crti.o] ==> [/usr/lib/crti.o]
  collapse obj [/usr/lib/gcc/i586-alpine-linux-musl/10.3.1/../../../crtn.o] ==> [/usr/lib/crtn.o]
  collapse library dir [/usr/lib/gcc/i586-alpine-linux-musl/10.3.1] ==> [/usr/lib/gcc/i586-alpine-linux-musl/10.3.1]
  collapse library dir [/usr/lib/gcc/i586-alpine-linux-musl/10.3.1/../../../../i586-alpine-linux-musl/lib] ==> [/usr/i586-alpine-linux-musl/lib]
  collapse library dir [/usr/lib/gcc/i586-alpine-linux-musl/10.3.1/../../..] ==> [/usr/lib]
  implicit libs: [stdc++;m;ssp_nonshared;gcc_s;gcc;c;gcc_s;gcc]
  implicit objs: [/usr/lib/Scrt1.o;/usr/lib/crti.o;/usr/lib/gcc/i586-alpine-linux-musl/10.3.1/crtbeginS.o;/usr/lib/gcc/i586-alpine-linux-musl/10.3.1/crtendS.o;/usr/lib/crtn.o]
  implicit dirs: [/usr/lib/gcc/i586-alpine-linux-musl/10.3.1;/usr/i586-alpine-linux-musl/lib;/usr/lib]
  implicit fwks: []


The system is: Linux - 4.20.69-ish - i686
Compiling the C compiler identification source file "CMakeCCompilerId.c" succeeded.
Compiler: /usr/bin/cc 
Build flags: 
Id flags:  

The output was:
0


Compilation of the C compiler identification source "CMakeCCompilerId.c" produced "a.out"

The C compiler identification is GNU, found in "/root/hse/CMakeFiles/3.20.6/CompilerIdC/a.out"

Compiling the CXX compiler identification source file "CMakeCXXCompilerId.cpp" succeeded.
Compiler: /usr/bin/c++ 
Build flags: 
Id flags:  

The output was:
0


Compilation of the CXX compiler identification source "CMakeCXXCompilerId.cpp" produced "a.out"

The CXX compiler identification is GNU, found in "/root/hse/CMakeFiles/3.20.6/CompilerIdCXX/a.out"

Detecting C compiler ABI info compiled with the following output:
Change Dir: /root/hse/CMakeFiles/CMakeTmp

Run Build Command(s):/usr/bin/make -f Makefile cmTC_038b0/fast && /usr/bin/make  -f CMakeFiles/cmTC_038b0.dir/build.make CMakeFiles/cmTC_038b0.dir/build
make[1]: Entering directory '/root/hse/CMakeFiles/CMakeTmp'
Building C object CMakeFiles/cmTC_038b0.dir/CMakeCCompilerABI.c.o
/usr/bin/cc   -v -o CMakeFiles/cmTC_038b0.dir/CMakeCCompilerABI.c.o -c /usr/share/cmake/Modules/CMakeCCompilerABI.c
Using built-in specs.
COLLECT_GCC=/usr/bin/cc
Target: i586-alpine-linux-musl
Configured with: /home/buildozer/aports/main/gcc/src/gcc-10.3.1_git20210424/configure --prefix=/usr --mandir=/usr/share/man --infodir=/usr/share/info --build=i586-alpine-linux-musl --host=i586-alpine-linux-musl --target=i586-alpine-linux-musl --with-pkgversion='Alpine 10.3.1_git20210424' --enable-checking=release --disable-fixed-point --disable-libstdcxx-pch --disable-multilib --disable-nls --disable-werror --disable-symvers --enable-__cxa_atexit --enable-default-pie --enable-default-ssp --enable-cloog-backend --enable-languages=c,c++,d,objc,go,fortran,ada --with-arch=i586 --with-tune=generic --enable-cld --disable-libssp --disable-libmpx --disable-libmudflap --disable-libsanitizer --enable-shared --enable-threads --enable-tls --with-system-zlib --with-linker-hash-style=gnu
Thread model: posix
Supported LTO compression algorithms: zlib
gcc version 10.3.1 20210424 (Alpine 10.3.1_git20210424) 
COLLECT_GCC_OPTIONS='-v' '-o' 'CMakeFiles/cmTC_038b0.dir/CMakeCCompilerABI.c.o' '-c' '-mtune=generic' '-march=i586'
 /usr/libexec/gcc/i586-alpine-linux-musl/10.3.1/cc1 -quiet -v /usr/share/cmake/Modules/CMakeCCompilerABI.c -quiet -dumpbase CMakeCCompilerABI.c -mtune=generic -march=i586 -auxbase-strip CMakeFiles/cmTC_038b0.dir/CMakeCCompilerABI.c.o -version -o /tmp/cclbkOgc.s
GNU C17 (Alpine 10.3.1_git20210424) version 10.3.1 20210424 (i586-alpine-linux-musl)
	compiled by GNU C version 10.3.1 20210424, GMP version 6.2.1, MPFR version 4.1.0, MPC version 1.2.1, isl version isl-0.22-GMP

GGC heuristics: --param ggc-min-expand=30 --param ggc-min-heapsize=4096
ignoring nonexistent directory "/usr/local/include"
ignoring nonexistent directory "/usr/lib/gcc/i586-alpine-linux-musl/10.3.1/../../../../i586-alpine-linux-musl/include"
ignoring nonexistent directory "/usr/include/fortify"
#include "..." search starts here:
#include <...> search starts here:
 /usr/include
 /usr/lib/gcc/i586-alpine-linux-musl/10.3.1/include
End of search list.
GNU C17 (Alpine 10.3.1_git20210424) version 10.3.1 20210424 (i586-alpine-linux-musl)
	compiled by GNU C version 10.3.1 20210424, GMP version 6.2.1, MPFR version 4.1.0, MPC version 1.2.1, isl version isl-0.22-GMP

GGC heuristics: --param ggc-min-expand=30 --param ggc-min-heapsize=4096
Compiler executable checksum: 432dc4fae8896abc54c38a5cb9f973d2
COLLECT_GCC_OPTIONS='-v' '-o' 'CMakeFiles/cmTC_038b0.dir/CMakeCCompilerABI.c.o' '-c' '-mtune=generic' '-march=i586'
 /usr/lib/gcc/i586-alpine-linux-musl/10.3.1/../../../../i586-alpine-linux-musl/bin/as -v --32 -o CMakeFiles/cmTC_038b0.dir/CMakeCCompilerABI.c.o /tmp/cclbkOgc.s
GNU assembler version 2.35.2 (i586-alpine-linux-musl) using BFD version (GNU Binutils) 2.35.2
COMPILER_PATH=/usr/libexec/gcc/i586-alpine-linux-musl/10.3.1/:/usr/libexec/gcc/i586-alpine-linux-musl/10.3.1/:/usr/libexec/gcc/i586-alpine-linux-musl/:/usr/lib/gcc/i586-alpine-linux-musl/10.3.1/:/usr/lib/gcc/i586-alpine-linux-musl/:/usr/lib/gcc/i586-alpine-linux-musl/10.3.1/../../../../i586-alpine-linux-musl/bin/
LIBRARY_PATH=/usr/lib/gcc/i586-alpine-linux-musl/10.3.1/:/usr/lib/gcc/i586-alpine-linux-musl/10.3.1/../../../../i586-alpine-linux-musl/lib/:/usr/lib/gcc/i586-alpine-linux-musl/10.3.1/../../../:/lib/:/usr/lib/
COLLECT_GCC_OPTIONS='-v' '-o' 'CMakeFiles/cmTC_038b0.dir/CMakeCCompilerABI.c.o' '-c' '-mtune=generic' '-march=i586'
Linking C executable cmTC_038b0
/usr/bin/cmake -E cmake_link_script CMakeFiles/cmTC_038b0.dir/link.txt --verbose=1
/usr/bin/cc  -v CMakeFiles/cmTC_038b0.dir/CMakeCCompilerABI.c.o -o cmTC_038b0 
Using built-in specs.
COLLECT_GCC=/usr/bin/cc
COLLECT_LTO_WRAPPER=/usr/libexec/gcc/i586-alpine-linux-musl/10.3.1/lto-wrapper
Target: i586-alpine-linux-musl
Configured with: /home/buildozer/aports/main/gcc/src/gcc-10.3.1_git20210424/configure --prefix=/usr --mandir=/usr/share/man --infodir=/usr/share/info --build=i586-alpine-linux-musl --host=i586-alpine-linux-musl --target=i586-alpine-linux-musl --with-pkgversion='Alpine 10.3.1_git20210424' --enable-checking=release --disable-fixed-point --disable-libstdcxx-pch --disable-multilib --disable-nls --disable-werror --disable-symvers --enable-__cxa_atexit --enable-default-pie --enable-default-ssp --enable-cloog-backend --enable-languages=c,c++,d,objc,go,fortran,ada --with-arch=i586 --with-tune=generic --enable-cld --disable-libssp --disable-libmpx --disable-libmudflap --disable-libsanitizer --enable-shared --enable-threads --enable-tls --with-system-zlib --with-linker-hash-style=gnu
Thread model: posix
Supported LTO compression algorithms: zlib
gcc version 10.3.1 20210424 (Alpine 10.3.1_git20210424) 
COMPILER_PATH=/usr/libexec/gcc/i586-alpine-linux-musl/10.3.1/:/usr/libexec/gcc/i586-alpine-linux-musl/10.3.1/:/usr/libexec/gcc/i586-alpine-linux-musl/:/usr/lib/gcc/i586-alpine-linux-musl/10.3.1/:/usr/lib/gcc/i586-alpine-linux-musl/:/usr/lib/gcc/i586-alpine-linux-musl/10.3.1/../../../../i586-alpine-linux-musl/bin/
LIBRARY_PATH=/usr/lib/gcc/i586-alpine-linux-musl/10.3.1/:/usr/lib/gcc/i586-alpine-linux-musl/10.3.1/../../../../i586-alpine-linux-musl/lib/:/usr/lib/gcc/i586-alpine-linux-musl/10.3.1/../../../:/lib/:/usr/lib/
COLLECT_GCC_OPTIONS='-v' '-o' 'cmTC_038b0' '-mtune=generic' '-march=i586'
 /usr/libexec/gcc/i586-alpine-linux-musl/10.3.1/collect2 -plugin /usr/libexec/gcc/i586-alpine-linux-musl/10.3.1/liblto_plugin.so -plugin-opt=/usr/libexec/gcc/i586-alpine-linux-musl/10.3.1/lto-wrapper -plugin-opt=-fresolution=/tmp/ccpGAiEL.res -plugin-opt=-pass-through=-lgcc -plugin-opt=-pass-through=-lgcc_s -plugin-opt=-pass-through=-lc -plugin-opt=-pass-through=-lgcc -plugin-opt=-pass-through=-lgcc_s --eh-frame-hdr --hash-style=gnu -m elf_i386 --as-needed -dynamic-linker /lib/ld-musl-i386.so.1 -pie -z relro -z now -o cmTC_038b0 /usr/lib/gcc/i586-alpine-linux-musl/10.3.1/../../../Scrt1.o /usr/lib/gcc/i586-alpine-linux-musl/10.3.1/../../../crti.o /usr/lib/gcc/i586-alpine-linux-musl/10.3.1/crtbeginS.o -L/usr/lib/gcc/i586-alpine-linux-musl/10.3.1 -L/usr/lib/gcc/i586-alpine-linux-musl/10.3.1/../../../../i586-alpine-linux-musl/lib -L/usr/lib/gcc/i586-alpine-linux-musl/10.3.1/../../.. CMakeFiles/cmTC_038b0.dir/CMakeCCompilerABI.c.o -lssp_nonshared -lgcc --push-state --as-needed -lgcc_s --pop-state -lc -lgcc --push-state --as-needed -lgcc_s --pop-state /usr/lib/gcc/i586-alpine-linux-musl/10.3.1/crtendS.o /usr/lib/gcc/i586-alpine-linux-musl/10.3.1/../../../crtn.o
COLLECT_GCC_OPTIONS='-v' '-o' 'cmTC_038b0' '-mtune=generic' '-march=i586'
make[1]: Leaving directory '/root/hse/CMakeFiles/CMakeTmp'



Parsed C implicit include dir info from above output: rv=done
  found start of include info
  found start of implicit include info
    add: [/usr/include]
    add: [/usr/lib/gcc/i586-alpine-linux-musl/10.3.1/include]
  end of search list found
  collapse include dir [/usr/include] ==> [/usr/include]
  collapse include dir [/usr/lib/gcc/i586-alpine-linux-musl/10.3.1/include] ==> [/usr/lib/gcc/i586-alpine-linux-musl/10.3.1/include]
  implicit include dirs: [/usr/include;/usr/lib/gcc/i586-alpine-linux-musl/10.3.1/include]


Parsed C implicit link information from above output:
  link line regex: [^( *|.*[/\])(ld|CMAKE_LINK_STARTFILE-NOTFOUND|([^/\]+-)?ld|collect2)[^/\]*( |$)]
  ignore line: [Change Dir: /root/hse/CMakeFiles/CMakeTmp]
  ignore line: []
  ignore line: [Run Build Command(s):/usr/bin/make -f Makefile cmTC_038b0/fast && /usr/bin/make  -f CMakeFiles/cmTC_038b0.dir/build.make CMakeFiles/cmTC_038b0.dir/build]
  ignore line: [make[1]: Entering directory '/root/hse/CMakeFiles/CMakeTmp']
  ignore line: [Building C object CMakeFiles/cmTC_038b0.dir/CMakeCCompilerABI.c.o]
  ignore line: [/usr/bin/cc   -v -o CMakeFiles/cmTC_038b0.dir/CMakeCCompilerABI.c.o -c /usr/share/cmake/Modules/CMakeCCompilerABI.c]
  ignore line: [Using built-in specs.]
  ignore line: [COLLECT_GCC=/usr/bin/cc]
  ignore line: [Target: i586-alpine-linux-musl]
  ignore line: [Configured with: /home/buildozer/aports/main/gcc/src/gcc-10.3.1_git20210424/configure --prefix=/usr --mandir=/usr/share/man --infodir=/usr/share/info --build=i586-alpine-linux-musl --host=i586-alpine-linux-musl --target=i586-alpine-linux-musl --with-pkgversion='Alpine 10.3.1_git20210424' --enable-checking=release --disable-fixed-point --disable-libstdcxx-pch --disable-multilib --disable-nls --disable-werror --disable-symvers --enable-__cxa_atexit --enable-default-pie --enable-default-ssp --enable-cloog-backend --enable-languages=c c++ d objc go fortran ada --with-arch=i586 --with-tune=generic --enable-cld --disable-libssp --disable-libmpx --disable-libmudflap --disable-libsanitizer --enable-shared --enable-threads --enable-tls --with-system-zlib --with-linker-hash-style=gnu]
  ignore line: [Thread model: posix]
  ignore line: [Supported LTO compression algorithms: zlib]
  ignore line: [gcc version 10.3.1 20210424 (Alpine 10.3.1_git20210424) ]
  ignore line: [COLLECT_GCC_OPTIONS='-v' '-o' 'CMakeFiles/cmTC_038b0.dir/CMakeCCompilerABI.c.o' '-c' '-mtune=generic' '-march=i586']
  ignore line: [ /usr/libexec/gcc/i586-alpine-linux-musl/10.3.1/cc1 -quiet -v /usr/share/cmake/Modules/CMakeCCompilerABI.c -quiet -dumpbase CMakeCCompilerABI.c -mtune=generic -march=i586 -auxbase-strip CMakeFiles/cmTC_038b0.dir/CMakeCCompilerABI.c.o -version -o /tmp/cclbkOgc.s]
  ignore line: [GNU C17 (Alpine 10.3.1_git20210424) version 10.3.1 20210424 (i586-alpine-linux-musl)]
  ignore line: [	compiled by GNU C version 10.3.1 20210424  GMP version 6.2.1  MPFR version 4.1.0  MPC version 1.2.1  isl version isl-0.22-GMP]
  ignore line: []
  ignore line: [GGC heuristics: --param ggc-min-expand=30 --param ggc-min-heapsize=4096]
  ignore line: [ignoring nonexistent directory "/usr/local/include"]
  ignore line: [ignoring nonexistent directory "/usr/lib/gcc/i586-alpine-linux-musl/10.3.1/../../../../i586-alpine-linux-musl/include"]
  ignore line: [ignoring nonexistent directory "/usr/include/fortify"]
  ignore line: [#include "..." search starts here:]
  ignore line: [#include <...> search starts here:]
  ignore line: [ /usr/include]
  ignore line: [ /usr/lib/gcc/i586-alpine-linux-musl/10.3.1/include]
  ignore line: [End of search list.]
  ignore line: [GNU C17 (Alpine 10.3.1_git20210424) version 10.3.1 20210424 (i586-alpine-linux-musl)]
  ignore line: [	compiled by GNU C version 10.3.1 20210424  GMP version 6.2.1  MPFR version 4.1.0  MPC version 1.2.1  isl version isl-0.22-GMP]
  ignore line: []
  ignore line: [GGC heuristics: --param ggc-min-expand=30 --param ggc-min-heapsize=4096]
  ignore line: [Compiler executable checksum: 432dc4fae8896abc54c38a5cb9f973d2]
  ignore line: [COLLECT_GCC_OPTIONS='-v' '-o' 'CMakeFiles/cmTC_038b0.dir/CMakeCCompilerABI.c.o' '-c' '-mtune=generic' '-march=i586']
  ignore line: [ /usr/lib/gcc/i586-alpine-linux-musl/10.3.1/../../../../i586-alpine-linux-musl/bin/as -v --32 -o CMakeFiles/cmTC_038b0.dir/CMakeCCompilerABI.c.o /tmp/cclbkOgc.s]
  ignore line: [GNU assembler version 2.35.2 (i586-alpine-linux-musl) using BFD version (GNU Binutils) 2.35.2]
  ignore line: [COMPILER_PATH=/usr/libexec/gcc/i586-alpine-linux-musl/10.3.1/:/usr/libexec/gcc/i586-alpine-linux-musl/10.3.1/:/usr/libexec/gcc/i586-alpine-linux-musl/:/usr/lib/gcc/i586-alpine-linux-musl/10.3.1/:/usr/lib/gcc/i586-alpine-linux-musl/:/usr/lib/gcc/i586-alpine-linux-musl/10.3.1/../../../../i586-alpine-linux-musl/bin/]
  ignore line: [LIBRARY_PATH=/usr/lib/gcc/i586-alpine-linux-musl/10.3.1/:/usr/lib/gcc/i586-alpine-linux-musl/10.3.1/../../../../i586-alpine-linux-musl/lib/:/usr/lib/gcc/i586-alpine-linux-musl/10.3.1/../../../:/lib/:/usr/lib/]
  ignore line: [COLLECT_GCC_OPTIONS='-v' '-o' 'CMakeFiles/cmTC_038b0.dir/CMakeCCompilerABI.c.o' '-c' '-mtune=generic' '-march=i586']
  ignore line: [Linking C executable cmTC_038b0]
  ignore line: [/usr/bin/cmake -E cmake_link_script CMakeFiles/cmTC_038b0.dir/link.txt --verbose=1]
  ignore line: [/usr/bin/cc  -v CMakeFiles/cmTC_038b0.dir/CMakeCCompilerABI.c.o -o cmTC_038b0 ]
  ignore line: [Using built-in specs.]
  ignore line: [COLLECT_GCC=/usr/bin/cc]
  ignore line: [COLLECT_LTO_WRAPPER=/usr/libexec/gcc/i586-alpine-linux-musl/10.3.1/lto-wrapper]
  ignore line: [Target: i586-alpine-linux-musl]
  ignore line: [Configured with: /home/buildozer/aports/main/gcc/src/gcc-10.3.1_git20210424/configure --prefix=/usr --mandir=/usr/share/man --infodir=/usr/share/info --build=i586-alpine-linux-musl --host=i586-alpine-linux-musl --target=i586-alpine-linux-musl --with-pkgversion='Alpine 10.3.1_git20210424' --enable-checking=release --disable-fixed-point --disable-libstdcxx-pch --disable-multilib --disable-nls --disable-werror --disable-symvers --enable-__cxa_atexit --enable-default-pie --enable-default-ssp --enable-cloog-backend --enable-languages=c c++ d objc go fortran ada --with-arch=i586 --with-tune=generic --enable-cld --disable-libssp --disable-libmpx --disable-libmudflap --disable-libsanitizer --enable-shared --enable-threads --enable-tls --with-system-zlib --with-linker-hash-style=gnu]
  ignore line: [Thread model: posix]
  ignore line: [Supported LTO compression algorithms: zlib]
  ignore line: [gcc version 10.3.1 20210424 (Alpine 10.3.1_git20210424) ]
  ignore line: [COMPILER_PATH=/usr/libexec/gcc/i586-alpine-linux-musl/10.3.1/:/usr/libexec/gcc/i586-alpine-linux-musl/10.3.1/:/usr/libexec/gcc/i586-alpine-linux-musl/:/usr/lib/gcc/i586-alpine-linux-musl/10.3.1/:/usr/lib/gcc/i586-alpine-linux-musl/:/usr/lib/gcc/i586-alpine-linux-musl/10.3.1/../../../../i586-alpine-linux-musl/bin/]
  ignore line: [LIBRARY_PATH=/usr/lib/gcc/i586-alpine-linux-musl/10.3.1/:/usr/lib/gcc/i586-alpine-linux-musl/10.3.1/../../../../i586-alpine-linux-musl/lib/:/usr/lib/gcc/i586-alpine-linux-musl/10.3.1/../../../:/lib/:/usr/lib/]
  ignore line: [COLLECT_GCC_OPTIONS='-v' '-o' 'cmTC_038b0' '-mtune=generic' '-march=i586']
  link line: [ /usr/libexec/gcc/i586-alpine-linux-musl/10.3.1/collect2 -plugin /usr/libexec/gcc/i586-alpine-linux-musl/10.3.1/liblto_plugin.so -plugin-opt=/usr/libexec/gcc/i586-alpine-linux-musl/10.3.1/lto-wrapper -plugin-opt=-fresolution=/tmp/ccpGAiEL.res -plugin-opt=-pass-through=-lgcc -plugin-opt=-pass-through=-lgcc_s -plugin-opt=-pass-through=-lc -plugin-opt=-pass-through=-lgcc -plugin-opt=-pass-through=-lgcc_s --eh-frame-hdr --hash-style=gnu -m elf_i386 --as-needed -dynamic-linker /lib/ld-musl-i386.so.1 -pie -z relro -z now -o cmTC_038b0 /usr/lib/gcc/i586-alpine-linux-musl/10.3.1/../../../Scrt1.o /usr/lib/gcc/i586-alpine-linux-musl/10.3.1/../../../crti.o /usr/lib/gcc/i586-alpine-linux-musl/10.3.1/crtbeginS.o -L/usr/lib/gcc/i586-alpine-linux-musl/10.3.1 -L/usr/lib/gcc/i586-alpine-linux-musl/10.3.1/../../../../i586-alpine-linux-musl/lib -L/usr/lib/gcc/i586-alpine-linux-musl/10.3.1/../../.. CMakeFiles/cmTC_038b0.dir/CMakeCCompilerABI.c.o -lssp_nonshared -lgcc --push-state --as-needed -lgcc_s --pop-state -lc -lgcc --push-state --as-needed -lgcc_s --pop-state /usr/lib/gcc/i586-alpine-linux-musl/10.3.1/crtendS.o /usr/lib/gcc/i586-alpine-linux-musl/10.3.1/../../../crtn.o]
    arg [/usr/libexec/gcc/i586-alpine-linux-musl/10.3.1/collect2] ==> ignore
    arg [-plugin] ==> ignore
    arg [/usr/libexec/gcc/i586-alpine-linux-musl/10.3.1/liblto_plugin.so] ==> ignore
    arg [-plugin-opt=/usr/libexec/gcc/i586-alpine-linux-musl/10.3.1/lto-wrapper] ==> ignore
    arg [-plugin-opt=-fresolution=/tmp/ccpGAiEL.res] ==> ignore
    arg [-plugin-opt=-pass-through=-lgcc] ==> ignore
    arg [-plugin-opt=-pass-through=-lgcc_s] ==> ignore
    arg [-plugin-opt=-pass-through=-lc] ==> ignore
    arg [-plugin-opt=-pass-through=-lgcc] ==> ignore
    arg [-plugin-opt=-pass-through=-lgcc_s] ==> ignore
    arg [--eh-frame-hdr] ==> ignore
    arg [--hash-style=gnu] ==> ignore
    arg [-m] ==> ignore
    arg [elf_i386] ==> ignore
    arg [--as-needed] ==> ignore
    arg [-dynamic-linker] ==> ignore
    arg [/lib/ld-musl-i386.so.1] ==> ignore
    arg [-pie] ==> ignore
    arg [-zrelro] ==> ignore
    arg [-znow] ==> ignore
    arg [-o] ==> ignore
    arg [cmTC_038b0] ==> ignore
    arg [/usr/lib/gcc/i586-alpine-linux-musl/10.3.1/../../../Scrt1.o] ==> obj [/usr/lib/gcc/i586-alpine-linux-musl/10.3.1/../../../Scrt1.o]
    arg [/usr/lib/gcc/i586-alpine-linux-musl/10.3.1/../../../crti.o] ==> obj [/usr/lib/gcc/i586-alpine-linux-musl/10.3.1/../../../crti.o]
    arg [/usr/lib/gcc/i586-alpine-linux-musl/10.3.1/crtbeginS.o] ==> obj [/usr/lib/gcc/i586-alpine-linux-musl/10.3.1/crtbeginS.o]
    arg [-L/usr/lib/gcc/i586-alpine-linux-musl/10.3.1] ==> dir [/usr/lib/gcc/i586-alpine-linux-musl/10.3.1]
    arg [-L/usr/lib/gcc/i586-alpine-linux-musl/10.3.1/../../../../i586-alpine-linux-musl/lib] ==> dir [/usr/lib/gcc/i586-alpine-linux-musl/10.3.1/../../../../i586-alpine-linux-musl/lib]
    arg [-L/usr/lib/gcc/i586-alpine-linux-musl/10.3.1/../../..] ==> dir [/usr/lib/gcc/i586-alpine-linux-musl/10.3.1/../../..]
    arg [CMakeFiles/cmTC_038b0.dir/CMakeCCompilerABI.c.o] ==> ignore
    arg [-lssp_nonshared] ==> lib [ssp_nonshared]
    arg [-lgcc] ==> lib [gcc]
    arg [--push-state] ==> ignore
    arg [--as-needed] ==> ignore
    arg [-lgcc_s] ==> lib [gcc_s]
    arg [--pop-state] ==> ignore
    arg [-lc] ==> lib [c]
    arg [-lgcc] ==> lib [gcc]
    arg [--push-state] ==> ignore
    arg [--as-needed] ==> ignore
    arg [-lgcc_s] ==> lib [gcc_s]
    arg [--pop-state] ==> ignore
    arg [/usr/lib/gcc/i586-alpine-linux-musl/10.3.1/crtendS.o] ==> obj [/usr/lib/gcc/i586-alpine-linux-musl/10.3.1/crtendS.o]
    arg [/usr/lib/gcc/i586-alpine-linux-musl/10.3.1/../../../crtn.o] ==> obj [/usr/lib/gcc/i586-alpine-linux-musl/10.3.1/../../../crtn.o]
  collapse obj [/usr/lib/gcc/i586-alpine-linux-musl/10.3.1/../../../Scrt1.o] ==> [/usr/lib/Scrt1.o]
  collapse obj [/usr/lib/gcc/i586-alpine-linux-musl/10.3.1/../../../crti.o] ==> [/usr/lib/crti.o]
  collapse obj [/usr/lib/gcc/i586-alpine-linux-musl/10.3.1/../../../crtn.o] ==> [/usr/lib/crtn.o]
  collapse library dir [/usr/lib/gcc/i586-alpine-linux-musl/10.3.1] ==> [/usr/lib/gcc/i586-alpine-linux-musl/10.3.1]
  collapse library dir [/usr/lib/gcc/i586-alpine-linux-musl/10.3.1/../../../../i586-alpine-linux-musl/lib] ==> [/usr/i586-alpine-linux-musl/lib]
  collapse library dir [/usr/lib/gcc/i586-alpine-linux-musl/10.3.1/../../..] ==> [/usr/lib]
  implicit libs: [ssp_nonshared;gcc;gcc_s;c;gcc;gcc_s]
  implicit objs: [/usr/lib/Scrt1.o;/usr/lib/crti.o;/usr/lib/gcc/i586-alpine-linux-musl/10.3.1/crtbeginS.o;/usr/lib/gcc/i586-alpine-linux-musl/10.3.1/crtendS.o;/usr/lib/crtn.o]
  implicit dirs: [/usr/lib/gcc/i586-alpine-linux-musl/10.3.1;/usr/i586-alpine-linux-musl/lib;/usr/lib]
  implicit fwks: []


Detecting CXX compiler ABI info compiled with the following output:
Change Dir: /root/hse/CMakeFiles/CMakeTmp

Run Build Command(s):/usr/bin/make -f Makefile cmTC_6ed67/fast && /usr/bin/make  -f CMakeFiles/cmTC_6ed67.dir/build.make CMakeFiles/cmTC_6ed67.dir/build
make[1]: Entering directory '/root/hse/CMakeFiles/CMakeTmp'
Building CXX object CMakeFiles/cmTC_6ed67.dir/CMakeCXXCompilerABI.cpp.o
/usr/bin/c++   -v -o CMakeFiles/cmTC_6ed67.dir/CMakeCXXCompilerABI.cpp.o -c /usr/share/cmake/Modules/CMakeCXXCompilerABI.cpp
Using built-in specs.
COLLECT_GCC=/usr/bin/c++
Target: i586-alpine-linux-musl
Configured with: /home/buildozer/aports/main/gcc/src/gcc-10.3.1_git20210424/configure --prefix=/usr --mandir=/usr/share/man --infodir=/usr/share/info --build=i586-alpine-linux-musl --host=i586-alpine-linux-musl --target=i586-alpine-linux-musl --with-pkgversion='Alpine 10.3.1_git20210424' --enable-checking=release --disable-fixed-point --disable-libstdcxx-pch --disable-multilib --disable-nls --disable-werror --disable-symvers --enable-__cxa_atexit --enable-default-pie --enable-default-ssp --enable-cloog-backend --enable-languages=c,c++,d,objc,go,fortran,ada --with-arch=i586 --with-tune=generic --enable-cld --disable-libssp --disable-libmpx --disable-libmudflap --disable-libsanitizer --enable-shared --enable-threads --enable-tls --with-system-zlib --with-linker-hash-style=gnu
Thread model: posix
Supported LTO compression algorithms: zlib
gcc version 10.3.1 20210424 (Alpine 10.3.1_git20210424) 
COLLECT_GCC_OPTIONS='-v' '-o' 'CMakeFiles/cmTC_6ed67.dir/CMakeCXXCompilerABI.cpp.o' '-c' '-shared-libgcc' '-mtune=generic' '-march=i586'
 /usr/libexec/gcc/i586-alpine-linux-musl/10.3.1/cc1plus -quiet -v -D_GNU_SOURCE /usr/share/cmake/Modules/CMakeCXXCompilerABI.cpp -quiet -dumpbase CMakeCXXCompilerABI.cpp -mtune=generic -march=i586 -auxbase-strip CMakeFiles/cmTC_6ed67.dir/CMakeCXXCompilerABI.cpp.o -version -o /tmp/cclDHjEP.s
GNU C++14 (Alpine 10.3.1_git20210424) version 10.3.1 20210424 (i586-alpine-linux-musl)
	compiled by GNU C version 10.3.1 20210424, GMP version 6.2.1, MPFR version 4.1.0, MPC version 1.2.1, isl version isl-0.22-GMP

GGC heuristics: --param ggc-min-expand=30 --param ggc-min-heapsize=4096
ignoring nonexistent directory "/usr/local/include"
ignoring nonexistent directory "/usr/lib/gcc/i586-alpine-linux-musl/10.3.1/../../../../i586-alpine-linux-musl/include"
ignoring nonexistent directory "/usr/include/fortify"
#include "..." search starts here:
#include <...> search starts here:
 /usr/lib/gcc/i586-alpine-linux-musl/10.3.1/../../../../include/c++/10.3.1
 /usr/lib/gcc/i586-alpine-linux-musl/10.3.1/../../../../include/c++/10.3.1/i586-alpine-linux-musl
 /usr/lib/gcc/i586-alpine-linux-musl/10.3.1/../../../../include/c++/10.3.1/backward
 /usr/include
 /usr/lib/gcc/i586-alpine-linux-musl/10.3.1/include
End of search list.
GNU C++14 (Alpine 10.3.1_git20210424) version 10.3.1 20210424 (i586-alpine-linux-musl)
	compiled by GNU C version 10.3.1 20210424, GMP version 6.2.1, MPFR version 4.1.0, MPC version 1.2.1, isl version isl-0.22-GMP

GGC heuristics: --param ggc-min-expand=30 --param ggc-min-heapsize=4096
Compiler executable checksum: 5a797b246a3fcf68a2ebeb0d2543b10f
COLLECT_GCC_OPTIONS='-v' '-o' 'CMakeFiles/cmTC_6ed67.dir/CMakeCXXCompilerABI.cpp.o' '-c' '-shared-libgcc' '-mtune=generic' '-march=i586'
 /usr/lib/gcc/i586-alpine-linux-musl/10.3.1/../../../../i586-alpine-linux-musl/bin/as -v --32 -o CMakeFiles/cmTC_6ed67.dir/CMakeCXXCompilerABI.cpp.o /tmp/cclDHjEP.s
GNU assembler version 2.35.2 (i586-alpine-linux-musl) using BFD version (GNU Binutils) 2.35.2
COMPILER_PATH=/usr/libexec/gcc/i586-alpine-linux-musl/10.3.1/:/usr/libexec/gcc/i586-alpine-linux-musl/10.3.1/:/usr/libexec/gcc/i586-alpine-linux-musl/:/usr/lib/gcc/i586-alpine-linux-musl/10.3.1/:/usr/lib/gcc/i586-alpine-linux-musl/:/usr/lib/gcc/i586-alpine-linux-musl/10.3.1/../../../../i586-alpine-linux-musl/bin/
LIBRARY_PATH=/usr/lib/gcc/i586-alpine-linux-musl/10.3.1/:/usr/lib/gcc/i586-alpine-linux-musl/10.3.1/../../../../i586-alpine-linux-musl/lib/:/usr/lib/gcc/i586-alpine-linux-musl/10.3.1/../../../:/lib/:/usr/lib/
COLLECT_GCC_OPTIONS='-v' '-o' 'CMakeFiles/cmTC_6ed67.dir/CMakeCXXCompilerABI.cpp.o' '-c' '-shared-libgcc' '-mtune=generic' '-march=i586'
Linking CXX executable cmTC_6ed67
/usr/bin/cmake -E cmake_link_script CMakeFiles/cmTC_6ed67.dir/link.txt --verbose=1
/usr/bin/c++  -v CMakeFiles/cmTC_6ed67.dir/CMakeCXXCompilerABI.cpp.o -o cmTC_6ed67 
Using built-in specs.
COLLECT_GCC=/usr/bin/c++
COLLECT_LTO_WRAPPER=/usr/libexec/gcc/i586-alpine-linux-musl/10.3.1/lto-wrapper
Target: i586-alpine-linux-musl
Configured with: /home/buildozer/aports/main/gcc/src/gcc-10.3.1_git20210424/configure --prefix=/usr --mandir=/usr/share/man --infodir=/usr/share/info --build=i586-alpine-linux-musl --host=i586-alpine-linux-musl --target=i586-alpine-linux-musl --with-pkgversion='Alpine 10.3.1_git20210424' --enable-checking=release --disable-fixed-point --disable-libstdcxx-pch --disable-multilib --disable-nls --disable-werror --disable-symvers --enable-__cxa_atexit --enable-default-pie --enable-default-ssp --enable-cloog-backend --enable-languages=c,c++,d,objc,go,fortran,ada --with-arch=i586 --with-tune=generic --enable-cld --disable-libssp --disable-libmpx --disable-libmudflap --disable-libsanitizer --enable-shared --enable-threads --enable-tls --with-system-zlib --with-linker-hash-style=gnu
Thread model: posix
Supported LTO compression algorithms: zlib
gcc version 10.3.1 20210424 (Alpine 10.3.1_git20210424) 
COMPILER_PATH=/usr/libexec/gcc/i586-alpine-linux-musl/10.3.1/:/usr/libexec/gcc/i586-alpine-linux-musl/10.3.1/:/usr/libexec/gcc/i586-alpine-linux-musl/:/usr/lib/gcc/i586-alpine-linux-musl/10.3.1/:/usr/lib/gcc/i586-alpine-linux-musl/:/usr/lib/gcc/i586-alpine-linux-musl/10.3.1/../../../../i586-alpine-linux-musl/bin/
LIBRARY_PATH=/usr/lib/gcc/i586-alpine-linux-musl/10.3.1/:/usr/lib/gcc/i586-alpine-linux-musl/10.3.1/../../../../i586-alpine-linux-musl/lib/:/usr/lib/gcc/i586-alpine-linux-musl/10.3.1/../../../:/lib/:/usr/lib/
COLLECT_GCC_OPTIONS='-v' '-o' 'cmTC_6ed67' '-shared-libgcc' '-mtune=generic' '-march=i586'
 /usr/libexec/gcc/i586-alpine-linux-musl/10.3.1/collect2 -plugin /usr/libexec/gcc/i586-alpine-linux-musl/10.3.1/liblto_plugin.so -plugin-opt=/usr/libexec/gcc/i586-alpine-linux-musl/10.3.1/lto-wrapper -plugin-opt=-fresolution=/tmp/ccGDGhne.res -plugin-opt=-pass-through=-lgcc_s -plugin-opt=-pass-through=-lgcc -plugin-opt=-pass-through=-lc -plugin-opt=-pass-through=-lgcc_s -plugin-opt=-pass-through=-lgcc --eh-frame-hdr --hash-style=gnu -m elf_i386 --as-needed -dynamic-linker /lib/ld-musl-i386.so.1 -pie -z relro -z now -o cmTC_6ed67 /usr/lib/gcc/i586-alpine-linux-musl/10.3.1/../../../Scrt1.o /usr/lib/gcc/i586-alpine-linux-musl/10.3.1/../../../crti.o /usr/lib/gcc/i586-alpine-linux-musl/10.3.1/crtbeginS.o -L/usr/lib/gcc/i586-alpine-linux-musl/10.3.1 -L/usr/lib/gcc/i586-alpine-linux-musl/10.3.1/../../../../i586-alpine-linux-musl/lib -L/usr/lib/gcc/i586-alpine-linux-musl/10.3.1/../../.. CMakeFiles/cmTC_6ed67.dir/CMakeCXXCompilerABI.cpp.o -lstdc++ -lm -lssp_nonshared -lgcc_s -lgcc -lc -lgcc_s -lgcc /usr/lib/gcc/i586-alpine-linux-musl/10.3.1/crtendS.o /usr/lib/gcc/i586-alpine-linux-musl/10.3.1/../../../crtn.o
COLLECT_GCC_OPTIONS='-v' '-o' 'cmTC_6ed67' '-shared-libgcc' '-mtune=generic' '-march=i586'
make[1]: Leaving directory '/root/hse/CMakeFiles/CMakeTmp'



Parsed CXX implicit include dir info from above output: rv=done
  found start of include info
  found start of implicit include info
    add: [/usr/lib/gcc/i586-alpine-linux-musl/10.3.1/../../../../include/c++/10.3.1]
    add: [/usr/lib/gcc/i586-alpine-linux-musl/10.3.1/../../../../include/c++/10.3.1/i586-alpine-linux-musl]
    add: [/usr/lib/gcc/i586-alpine-linux-musl/10.3.1/../../../../include/c++/10.3.1/backward]
    add: [/usr/include]
    add: [/usr/lib/gcc/i586-alpine-linux-musl/10.3.1/include]
  end of search list found
  collapse include dir [/usr/lib/gcc/i586-alpine-linux-musl/10.3.1/../../../../include/c++/10.3.1] ==> [/usr/include/c++/10.3.1]
  collapse include dir [/usr/lib/gcc/i586-alpine-linux-musl/10.3.1/../../../../include/c++/10.3.1/i586-alpine-linux-musl] ==> [/usr/include/c++/10.3.1/i586-alpine-linux-musl]
  collapse include dir [/usr/lib/gcc/i586-alpine-linux-musl/10.3.1/../../../../include/c++/10.3.1/backward] ==> [/usr/include/c++/10.3.1/backward]
  collapse include dir [/usr/include] ==> [/usr/include]
  collapse include dir [/usr/lib/gcc/i586-alpine-linux-musl/10.3.1/include] ==> [/usr/lib/gcc/i586-alpine-linux-musl/10.3.1/include]
  implicit include dirs: [/usr/include/c++/10.3.1;/usr/include/c++/10.3.1/i586-alpine-linux-musl;/usr/include/c++/10.3.1/backward;/usr/include;/usr/lib/gcc/i586-alpine-linux-musl/10.3.1/include]


Parsed CXX implicit link information from above output:
  link line regex: [^( *|.*[/\])(ld|CMAKE_LINK_STARTFILE-NOTFOUND|([^/\]+-)?ld|collect2)[^/\]*( |$)]
  ignore line: [Change Dir: /root/hse/CMakeFiles/CMakeTmp]
  ignore line: []
  ignore line: [Run Build Command(s):/usr/bin/make -f Makefile cmTC_6ed67/fast && /usr/bin/make  -f CMakeFiles/cmTC_6ed67.dir/build.make CMakeFiles/cmTC_6ed67.dir/build]
  ignore line: [make[1]: Entering directory '/root/hse/CMakeFiles/CMakeTmp']
  ignore line: [Building CXX object CMakeFiles/cmTC_6ed67.dir/CMakeCXXCompilerABI.cpp.o]
  ignore line: [/usr/bin/c++   -v -o CMakeFiles/cmTC_6ed67.dir/CMakeCXXCompilerABI.cpp.o -c /usr/share/cmake/Modules/CMakeCXXCompilerABI.cpp]
  ignore line: [Using built-in specs.]
  ignore line: [COLLECT_GCC=/usr/bin/c++]
  ignore line: [Target: i586-alpine-linux-musl]
  ignore line: [Configured with: /home/buildozer/aports/main/gcc/src/gcc-10.3.1_git20210424/configure --prefix=/usr --mandir=/usr/share/man --infodir=/usr/share/info --build=i586-alpine-linux-musl --host=i586-alpine-linux-musl --target=i586-alpine-linux-musl --with-pkgversion='Alpine 10.3.1_git20210424' --enable-checking=release --disable-fixed-point --disable-libstdcxx-pch --disable-multilib --disable-nls --disable-werror --disable-symvers --enable-__cxa_atexit --enable-default-pie --enable-default-ssp --enable-cloog-backend --enable-languages=c c++ d objc go fortran ada --with-arch=i586 --with-tune=generic --enable-cld --disable-libssp --disable-libmpx --disable-libmudflap --disable-libsanitizer --enable-shared --enable-threads --enable-tls --with-system-zlib --with-linker-hash-style=gnu]
  ignore line: [Thread model: posix]
  ignore line: [Supported LTO compression algorithms: zlib]
  ignore line: [gcc version 10.3.1 20210424 (Alpine 10.3.1_git20210424) ]
  ignore line: [COLLECT_GCC_OPTIONS='-v' '-o' 'CMakeFiles/cmTC_6ed67.dir/CMakeCXXCompilerABI.cpp.o' '-c' '-shared-libgcc' '-mtune=generic' '-march=i586']
  ignore line: [ /usr/libexec/gcc/i586-alpine-linux-musl/10.3.1/cc1plus -quiet -v -D_GNU_SOURCE /usr/share/cmake/Modules/CMakeCXXCompilerABI.cpp -quiet -dumpbase CMakeCXXCompilerABI.cpp -mtune=generic -march=i586 -auxbase-strip CMakeFiles/cmTC_6ed67.dir/CMakeCXXCompilerABI.cpp.o -version -o /tmp/cclDHjEP.s]
  ignore line: [GNU C++14 (Alpine 10.3.1_git20210424) version 10.3.1 20210424 (i586-alpine-linux-musl)]
  ignore line: [	compiled by GNU C version 10.3.1 20210424  GMP version 6.2.1  MPFR version 4.1.0  MPC version 1.2.1  isl version isl-0.22-GMP]
  ignore line: []
  ignore line: [GGC heuristics: --param ggc-min-expand=30 --param ggc-min-heapsize=4096]
  ignore line: [ignoring nonexistent directory "/usr/local/include"]
  ignore line: [ignoring nonexistent directory "/usr/lib/gcc/i586-alpine-linux-musl/10.3.1/../../../../i586-alpine-linux-musl/include"]
  ignore line: [ignoring nonexistent directory "/usr/include/fortify"]
  ignore line: [#include "..." search starts here:]
  ignore line: [#include <...> search starts here:]
  ignore line: [ /usr/lib/gcc/i586-alpine-linux-musl/10.3.1/../../../../include/c++/10.3.1]
  ignore line: [ /usr/lib/gcc/i586-alpine-linux-musl/10.3.1/../../../../include/c++/10.3.1/i586-alpine-linux-musl]
  ignore line: [ /usr/lib/gcc/i586-alpine-linux-musl/10.3.1/../../../../include/c++/10.3.1/backward]
  ignore line: [ /usr/include]
  ignore line: [ /usr/lib/gcc/i586-alpine-linux-musl/10.3.1/include]
  ignore line: [End of search list.]
  ignore line: [GNU C++14 (Alpine 10.3.1_git20210424) version 10.3.1 20210424 (i586-alpine-linux-musl)]
  ignore line: [	compiled by GNU C version 10.3.1 20210424  GMP version 6.2.1  MPFR version 4.1.0  MPC version 1.2.1  isl version isl-0.22-GMP]
  ignore line: []
  ignore line: [GGC heuristics: --param ggc-min-expand=30 --param ggc-min-heapsize=4096]
  ignore line: [Compiler executable checksum: 5a797b246a3fcf68a2ebeb0d2543b10f]
  ignore line: [COLLECT_GCC_OPTIONS='-v' '-o' 'CMakeFiles/cmTC_6ed67.dir/CMakeCXXCompilerABI.cpp.o' '-c' '-shared-libgcc' '-mtune=generic' '-march=i586']
  ignore line: [ /usr/lib/gcc/i586-alpine-linux-musl/10.3.1/../../../../i586-alpine-linux-musl/bin/as -v --32 -o CMakeFiles/cmTC_6ed67.dir/CMakeCXXCompilerABI.cpp.o /tmp/cclDHjEP.s]
  ignore line: [GNU assembler version 2.35.2 (i586-alpine-linux-musl) using BFD version (GNU Binutils) 2.35.2]
  ignore line: [COMPILER_PATH=/usr/libexec/gcc/i586-alpine-linux-musl/10.3.1/:/usr/libexec/gcc/i586-alpine-linux-musl/10.3.1/:/usr/libexec/gcc/i586-alpine-linux-musl/:/usr/lib/gcc/i586-alpine-linux-musl/10.3.1/:/usr/lib/gcc/i586-alpine-linux-musl/:/usr/lib/gcc/i586-alpine-linux-musl/10.3.1/../../../../i586-alpine-linux-musl/bin/]
  ignore line: [LIBRARY_PATH=/usr/lib/gcc/i586-alpine-linux-musl/10.3.1/:/usr/lib/gcc/i586-alpine-linux-musl/10.3.1/../../../../i586-alpine-linux-musl/lib/:/usr/lib/gcc/i586-alpine-linux-musl/10.3.1/../../../:/lib/:/usr/lib/]
  ignore line: [COLLECT_GCC_OPTIONS='-v' '-o' 'CMakeFiles/cmTC_6ed67.dir/CMakeCXXCompilerABI.cpp.o' '-c' '-shared-libgcc' '-mtune=generic' '-march=i586']
  ignore line: [Linking CXX executable cmTC_6ed67]
  ignore line: [/usr/bin/cmake -E cmake_link_script CMakeFiles/cmTC_6ed67.dir/link.txt --verbose=1]
  ignore line: [/usr/bin/c++  -v CMakeFiles/cmTC_6ed67.dir/CMakeCXXCompilerABI.cpp.o -o cmTC_6ed67 ]
  ignore line: [Using built-in specs.]
  ignore line: [COLLECT_GCC=/usr/bin/c++]
  ignore line: [COLLECT_LTO_WRAPPER=/usr/libexec/gcc/i586-alpine-linux-musl/10.3.1/lto-wrapper]
  ignore line: [Target: i586-alpine-linux-musl]
  ignore line: [Configured with: /home/buildozer/aports/main/gcc/src/gcc-10.3.1_git20210424/configure --prefix=/usr --mandir=/usr/share/man --infodir=/usr/share/info --build=i586-alpine-linux-musl --host=i586-alpine-linux-musl --target=i586-alpine-linux-musl --with-pkgversion='Alpine 10.3.1_git20210424' --enable-checking=release --disable-fixed-point --disable-libstdcxx-pch --disable-multilib --disable-nls --disable-werror --disable-symvers --enable-__cxa_atexit --enable-default-pie --enable-default-ssp --enable-cloog-backend --enable-languages=c c++ d objc go fortran ada --with-arch=i586 --with-tune=generic --enable-cld --disable-libssp --disable-libmpx --disable-libmudflap --disable-libsanitizer --enable-shared --enable-threads --enable-tls --with-system-zlib --with-linker-hash-style=gnu]
  ignore line: [Thread model: posix]
  ignore line: [Supported LTO compression algorithms: zlib]
  ignore line: [gcc version 10.3.1 20210424 (Alpine 10.3.1_git20210424) ]
  ignore line: [COMPILER_PATH=/usr/libexec/gcc/i586-alpine-linux-musl/10.3.1/:/usr/libexec/gcc/i586-alpine-linux-musl/10.3.1/:/usr/libexec/gcc/i586-alpine-linux-musl/:/usr/lib/gcc/i586-alpine-linux-musl/10.3.1/:/usr/lib/gcc/i586-alpine-linux-musl/:/usr/lib/gcc/i586-alpine-linux-musl/10.3.1/../../../../i586-alpine-linux-musl/bin/]
  ignore line: [LIBRARY_PATH=/usr/lib/gcc/i586-alpine-linux-musl/10.3.1/:/usr/lib/gcc/i586-alpine-linux-musl/10.3.1/../../../../i586-alpine-linux-musl/lib/:/usr/lib/gcc/i586-alpine-linux-musl/10.3.1/../../../:/lib/:/usr/lib/]
  ignore line: [COLLECT_GCC_OPTIONS='-v' '-o' 'cmTC_6ed67' '-shared-libgcc' '-mtune=generic' '-march=i586']
  link line: [ /usr/libexec/gcc/i586-alpine-linux-musl/10.3.1/collect2 -plugin /usr/libexec/gcc/i586-alpine-linux-musl/10.3.1/liblto_plugin.so -plugin-opt=/usr/libexec/gcc/i586-alpine-linux-musl/10.3.1/lto-wrapper -plugin-opt=-fresolution=/tmp/ccGDGhne.res -plugin-opt=-pass-through=-lgcc_s -plugin-opt=-pass-through=-lgcc -plugin-opt=-pass-through=-lc -plugin-opt=-pass-through=-lgcc_s -plugin-opt=-pass-through=-lgcc --eh-frame-hdr --hash-style=gnu -m elf_i386 --as-needed -dynamic-linker /lib/ld-musl-i386.so.1 -pie -z relro -z now -o cmTC_6ed67 /usr/lib/gcc/i586-alpine-linux-musl/10.3.1/../../../Scrt1.o /usr/lib/gcc/i586-alpine-linux-musl/10.3.1/../../../crti.o /usr/lib/gcc/i586-alpine-linux-musl/10.3.1/crtbeginS.o -L/usr/lib/gcc/i586-alpine-linux-musl/10.3.1 -L/usr/lib/gcc/i586-alpine-linux-musl/10.3.1/../../../../i586-alpine-linux-musl/lib -L/usr/lib/gcc/i586-alpine-linux-musl/10.3.1/../../.. CMakeFiles/cmTC_6ed67.dir/CMakeCXXCompilerABI.cpp.o -lstdc++ -lm -lssp_nonshared -lgcc_s -lgcc -lc -lgcc_s -lgcc /usr/lib/gcc/i586-alpine-linux-musl/10.3.1/crtendS.o /usr/lib/gcc/i586-alpine-linux-musl/10.3.1/../../../crtn.o]
    arg [/usr/libexec/gcc/i586-alpine-linux-musl/10.3.1/collect2] ==> ignore
    arg [-plugin] ==> ignore
    arg [/usr/libexec/gcc/i586-alpine-linux-musl/10.3.1/liblto_plugin.so] ==> ignore
    arg [-plugin-opt=/usr/libexec/gcc/i586-alpine-linux-musl/10.3.1/lto-wrapper] ==> ignore
    arg [-plugin-opt=-fresolution=/tmp/ccGDGhne.res] ==> ignore
    arg [-plugin-opt=-pass-through=-lgcc_s] ==> ignore
    arg [-plugin-opt=-pass-through=-lgcc] ==> ignore
    arg [-plugin-opt=-pass-through=-lc] ==> ignore
    arg [-plugin-opt=-pass-through=-lgcc_s] ==> ignore
    arg [-plugin-opt=-pass-through=-lgcc] ==> ignore
    arg [--eh-frame-hdr] ==> ignore
    arg [--hash-style=gnu] ==> ignore
    arg [-m] ==> ignore
    arg [elf_i386] ==> ignore
    arg [--as-needed] ==> ignore
    arg [-dynamic-linker] ==> ignore
    arg [/lib/ld-musl-i386.so.1] ==> ignore
    arg [-pie] ==> ignore
    arg [-zrelro] ==> ignore
    arg [-znow] ==> ignore
    arg [-o] ==> ignore
    arg [cmTC_6ed67] ==> ignore
    arg [/usr/lib/gcc/i586-alpine-linux-musl/10.3.1/../../../Scrt1.o] ==> obj [/usr/lib/gcc/i586-alpine-linux-musl/10.3.1/../../../Scrt1.o]
    arg [/usr/lib/gcc/i586-alpine-linux-musl/10.3.1/../../../crti.o] ==> obj [/usr/lib/gcc/i586-alpine-linux-musl/10.3.1/../../../crti.o]
    arg [/usr/lib/gcc/i586-alpine-linux-musl/10.3.1/crtbeginS.o] ==> obj [/usr/lib/gcc/i586-alpine-linux-musl/10.3.1/crtbeginS.o]
    arg [-L/usr/lib/gcc/i586-alpine-linux-musl/10.3.1] ==> dir [/usr/lib/gcc/i586-alpine-linux-musl/10.3.1]
    arg [-L/usr/lib/gcc/i586-alpine-linux-musl/10.3.1/../../../../i586-alpine-linux-musl/lib] ==> dir [/usr/lib/gcc/i586-alpine-linux-musl/10.3.1/../../../../i586-alpine-linux-musl/lib]
    arg [-L/usr/lib/gcc/i586-alpine-linux-musl/10.3.1/../../..] ==> dir [/usr/lib/gcc/i586-alpine-linux-musl/10.3.1/../../..]
    arg [CMakeFiles/cmTC_6ed67.dir/CMakeCXXCompilerABI.cpp.o] ==> ignore
    arg [-lstdc++] ==> lib [stdc++]
    arg [-lm] ==> lib [m]
    arg [-lssp_nonshared] ==> lib [ssp_nonshared]
    arg [-lgcc_s] ==> lib [gcc_s]
    arg [-lgcc] ==> lib [gcc]
    arg [-lc] ==> lib [c]
    arg [-lgcc_s] ==> lib [gcc_s]
    arg [-lgcc] ==> lib [gcc]
    arg [/usr/lib/gcc/i586-alpine-linux-musl/10.3.1/crtendS.o] ==> obj [/usr/lib/gcc/i586-alpine-linux-musl/10.3.1/crtendS.o]
    arg [/usr/lib/gcc/i586-alpine-linux-musl/10.3.1/../../../crtn.o] ==> obj [/usr/lib/gcc/i586-alpine-linux-musl/10.3.1/../../../crtn.o]
  collapse obj [/usr/lib/gcc/i586-alpine-linux-musl/10.3.1/../../../Scrt1.o] ==> [/usr/lib/Scrt1.o]
  collapse obj [/usr/lib/gcc/i586-alpine-linux-musl/10.3.1/../../../crti.o] ==> [/usr/lib/crti.o]
  collapse obj [/usr/lib/gcc/i586-alpine-linux-musl/10.3.1/../../../crtn.o] ==> [/usr/lib/crtn.o]
  collapse library dir [/usr/lib/gcc/i586-alpine-linux-musl/10.3.1] ==> [/usr/lib/gcc/i586-alpine-linux-musl/10.3.1]
  collapse library dir [/usr/lib/gcc/i586-alpine-linux-musl/10.3.1/../../../../i586-alpine-linux-musl/lib] ==> [/usr/i586-alpine-linux-musl/lib]
  collapse library dir [/usr/lib/gcc/i586-alpine-linux-musl/10.3.1/../../..] ==> [/usr/lib]
  implicit libs: [stdc++;m;ssp_nonshared;gcc_s;gcc;c;gcc_s;gcc]
  implicit objs: [/usr/lib/Scrt1.o;/usr/lib/crti.o;/usr/lib/gcc/i586-alpine-linux-musl/10.3.1/crtbeginS.o;/usr/lib/gcc/i586-alpine-linux-musl/10.3.1/crtendS.o;/usr/lib/crtn.o]
  implicit dirs: [/usr/lib/gcc/i586-alpine-linux-musl/10.3.1;/usr/i586-alpine-linux-musl/lib;/usr/lib]
  implicit fwks: []


